<?xml version="1.0" encoding="UTF-8"?>
<coverage generated="1763139570700" clover="3.2.0">
  <project timestamp="1763139570700" name="All files">
    <metrics statements="229" coveredstatements="196" conditionals="153" coveredconditionals="102" methods="69" coveredmethods="50" elements="451" coveredelements="348" complexity="0" loc="229" ncloc="229" packages="9" files="16" classes="16"/>
    <package name="app">
      <metrics statements="41" coveredstatements="28" conditionals="14" coveredconditionals="3" methods="19" coveredmethods="7"/>
      <file name="MiniCRM.jsx" path="/Users/davidgonzalez/Downloads/addi-crm-challenge/src/app/MiniCRM.jsx">
        <metrics statements="41" coveredstatements="28" conditionals="14" coveredconditionals="3" methods="19" coveredmethods="7"/>
        <line num="13" count="7" type="stmt"/>
        <line num="14" count="7" type="stmt"/>
        <line num="16" count="7" type="stmt"/>
        <line num="18" count="7" type="stmt"/>
        <line num="19" count="3" type="stmt"/>
        <line num="51" count="7" type="stmt"/>
        <line num="52" count="7" type="stmt"/>
        <line num="53" count="7" type="stmt"/>
        <line num="55" count="7" type="stmt"/>
        <line num="64" count="7" type="stmt"/>
        <line num="72" count="7" type="stmt"/>
        <line num="79" count="7" type="stmt"/>
        <line num="84" count="7" type="stmt"/>
        <line num="90" count="7" type="stmt"/>
        <line num="96" count="7" type="stmt"/>
        <line num="98" count="7" type="stmt"/>
        <line num="100" count="0" type="stmt"/>
        <line num="101" count="0" type="cond" truecount="0" falsecount="2"/>
        <line num="103" count="0" type="stmt"/>
        <line num="106" count="0" type="stmt"/>
        <line num="115" count="0" type="stmt"/>
        <line num="118" count="0" type="stmt"/>
        <line num="119" count="0" type="stmt"/>
        <line num="120" count="0" type="cond" truecount="0" falsecount="2"/>
        <line num="134" count="7" type="stmt"/>
        <line num="135" count="0" type="cond" truecount="0" falsecount="2"/>
        <line num="136" count="0" type="stmt"/>
        <line num="137" count="0" type="cond" truecount="0" falsecount="2"/>
        <line num="138" count="0" type="stmt"/>
        <line num="143" count="7" type="stmt"/>
        <line num="145" count="1" type="stmt"/>
        <line num="146" count="1" type="stmt"/>
        <line num="154" count="1" type="cond" truecount="1" falsecount="1"/>
        <line num="155" count="1" type="stmt"/>
        <line num="157" count="1" type="stmt"/>
        <line num="162" count="7" type="stmt"/>
        <line num="174" count="7" type="stmt"/>
        <line num="194" count="2" type="stmt"/>
        <line num="212" count="1" type="stmt"/>
        <line num="222" count="1" type="stmt"/>
        <line num="235" count="0" type="stmt"/>
      </file>
    </package>
    <package name="components.layout">
      <metrics statements="3" coveredstatements="3" conditionals="4" coveredconditionals="4" methods="1" coveredmethods="1"/>
      <file name="Card.jsx" path="/Users/davidgonzalez/Downloads/addi-crm-challenge/src/components/layout/Card.jsx">
        <metrics statements="3" coveredstatements="3" conditionals="4" coveredconditionals="4" methods="1" coveredmethods="1"/>
        <line num="4" count="20" type="stmt"/>
        <line num="6" count="20" type="stmt"/>
        <line num="17" count="20" type="stmt"/>
      </file>
    </package>
    <package name="components.leads">
      <metrics statements="42" coveredstatements="41" conditionals="36" coveredconditionals="34" methods="11" coveredmethods="10"/>
      <file name="LeadCard.jsx" path="/Users/davidgonzalez/Downloads/addi-crm-challenge/src/components/leads/LeadCard.jsx">
        <metrics statements="3" coveredstatements="3" conditionals="4" coveredconditionals="4" methods="1" coveredmethods="1"/>
        <line num="7" count="27" type="stmt"/>
        <line num="9" count="27" type="stmt"/>
        <line num="20" count="27" type="stmt"/>
      </file>
      <file name="LeadsSection.jsx" path="/Users/davidgonzalez/Downloads/addi-crm-challenge/src/components/leads/LeadsSection.jsx">
        <metrics statements="10" coveredstatements="9" conditionals="6" coveredconditionals="5" methods="3" coveredmethods="2"/>
        <line num="15" count="11" type="stmt"/>
        <line num="17" count="11" type="stmt"/>
        <line num="22" count="11" type="stmt"/>
        <line num="28" count="11" type="stmt"/>
        <line num="37" count="11" type="stmt"/>
        <line num="82" count="11" type="stmt"/>
        <line num="86" count="24" type="stmt"/>
        <line num="87" count="24" type="stmt"/>
        <line num="89" count="24" type="stmt"/>
        <line num="95" count="0" type="stmt"/>
      </file>
      <file name="NewLeadForm.jsx" path="/Users/davidgonzalez/Downloads/addi-crm-challenge/src/components/leads/NewLeadForm.jsx">
        <metrics statements="29" coveredstatements="29" conditionals="26" coveredconditionals="25" methods="7" coveredmethods="7"/>
        <line num="7" count="16" type="stmt"/>
        <line num="9" count="16" type="stmt"/>
        <line num="17" count="16" type="stmt"/>
        <line num="19" count="16" type="stmt"/>
        <line num="20" count="3" type="stmt"/>
        <line num="21" count="3" type="cond" truecount="2" falsecount="0"/>
        <line num="22" count="3" type="cond" truecount="2" falsecount="0"/>
        <line num="23" count="3" type="cond" truecount="2" falsecount="0"/>
        <line num="24" count="3" type="cond" truecount="2" falsecount="0"/>
        <line num="25" count="3" type="cond" truecount="2" falsecount="0"/>
        <line num="26" count="3" type="stmt"/>
        <line num="27" count="3" type="stmt"/>
        <line num="30" count="80" type="stmt"/>
        <line num="31" count="10" type="stmt"/>
        <line num="32" count="10" type="stmt"/>
        <line num="33" count="10" type="cond" truecount="2" falsecount="0"/>
        <line num="34" count="5" type="stmt"/>
        <line num="35" count="5" type="stmt"/>
        <line num="36" count="5" type="stmt"/>
        <line num="37" count="5" type="stmt"/>
        <line num="42" count="16" type="stmt"/>
        <line num="43" count="3" type="stmt"/>
        <line num="44" count="3" type="cond" truecount="2" falsecount="0"/>
        <line num="45" count="2" type="cond" truecount="1" falsecount="1"/>
        <line num="46" count="2" type="stmt"/>
        <line num="50" count="16" type="stmt"/>
        <line num="55" count="16" type="stmt"/>
        <line num="60" count="16" type="stmt"/>
        <line num="66" count="16" type="stmt"/>
      </file>
    </package>
    <package name="components.prospects">
      <metrics statements="12" coveredstatements="12" conditionals="4" coveredconditionals="3" methods="3" coveredmethods="3"/>
      <file name="ProspectCard.jsx" path="/Users/davidgonzalez/Downloads/addi-crm-challenge/src/components/prospects/ProspectCard.jsx">
        <metrics statements="3" coveredstatements="3" conditionals="2" coveredconditionals="1" methods="1" coveredmethods="1"/>
        <line num="5" count="1" type="stmt"/>
        <line num="7" count="1" type="stmt"/>
        <line num="18" count="1" type="stmt"/>
      </file>
      <file name="ProspectsSection.jsx" path="/Users/davidgonzalez/Downloads/addi-crm-challenge/src/components/prospects/ProspectsSection.jsx">
        <metrics statements="9" coveredstatements="9" conditionals="2" coveredconditionals="2" methods="2" coveredmethods="2"/>
        <line num="6" count="9" type="stmt"/>
        <line num="8" count="9" type="stmt"/>
        <line num="13" count="9" type="stmt"/>
        <line num="19" count="9" type="stmt"/>
        <line num="25" count="9" type="stmt"/>
        <line num="34" count="9" type="stmt"/>
        <line num="61" count="9" type="stmt"/>
        <line num="67" count="9" type="stmt"/>
        <line num="71" count="1" type="stmt"/>
      </file>
    </package>
    <package name="components.ui">
      <metrics statements="37" coveredstatements="31" conditionals="24" coveredconditionals="18" methods="9" coveredmethods="5"/>
      <file name="Button.jsx" path="/Users/davidgonzalez/Downloads/addi-crm-challenge/src/components/ui/Button.jsx">
        <metrics statements="14" coveredstatements="10" conditionals="10" coveredconditionals="5" methods="3" coveredmethods="1"/>
        <line num="10" count="85" type="stmt"/>
        <line num="12" count="85" type="stmt"/>
        <line num="23" count="85" type="stmt"/>
        <line num="44" count="85" type="stmt"/>
        <line num="59" count="85" type="stmt"/>
        <line num="66" count="85" type="cond" truecount="1" falsecount="1"/>
        <line num="67" count="85" type="stmt"/>
        <line num="74" count="85" type="stmt"/>
        <line num="75" count="0" type="cond" truecount="0" falsecount="2"/>
        <line num="76" count="0" type="cond" truecount="0" falsecount="2"/>
        <line num="77" count="0" type="stmt"/>
        <line num="80" count="85" type="stmt"/>
        <line num="81" count="0" type="stmt"/>
        <line num="84" count="85" type="stmt"/>
      </file>
      <file name="Input.jsx" path="/Users/davidgonzalez/Downloads/addi-crm-challenge/src/components/ui/Input.jsx">
        <metrics statements="8" coveredstatements="6" conditionals="5" coveredconditionals="4" methods="3" coveredmethods="1"/>
        <line num="15" count="81" type="stmt"/>
        <line num="16" count="81" type="stmt"/>
        <line num="18" count="81" type="stmt"/>
        <line num="23" count="81" type="stmt"/>
        <line num="33" count="81" type="cond" truecount="1" falsecount="1"/>
        <line num="41" count="81" type="stmt"/>
        <line num="57" count="0" type="stmt"/>
        <line num="58" count="0" type="stmt"/>
      </file>
      <file name="Modal.jsx" path="/Users/davidgonzalez/Downloads/addi-crm-challenge/src/components/ui/Modal.jsx">
        <metrics statements="11" coveredstatements="11" conditionals="4" coveredconditionals="4" methods="2" coveredmethods="2"/>
        <line num="5" count="7" type="stmt"/>
        <line num="7" count="7" type="cond" truecount="2" falsecount="0"/>
        <line num="9" count="2" type="stmt"/>
        <line num="20" count="2" type="stmt"/>
        <line num="31" count="2" type="stmt"/>
        <line num="40" count="2" type="stmt"/>
        <line num="45" count="2" type="stmt"/>
        <line num="53" count="2" type="stmt"/>
        <line num="61" count="2" type="cond" truecount="2" falsecount="0"/>
        <line num="63" count="2" type="stmt"/>
        <line num="71" count="2" type="stmt"/>
      </file>
      <file name="Pill.jsx" path="/Users/davidgonzalez/Downloads/addi-crm-challenge/src/components/ui/Pill.jsx">
        <metrics statements="4" coveredstatements="4" conditionals="5" coveredconditionals="5" methods="1" coveredmethods="1"/>
        <line num="4" count="24" type="stmt"/>
        <line num="6" count="24" type="stmt"/>
        <line num="18" count="24" type="cond" truecount="2" falsecount="0"/>
        <line num="36" count="24" type="stmt"/>
      </file>
    </package>
    <package name="components.validation">
      <metrics statements="10" coveredstatements="10" conditionals="6" coveredconditionals="6" methods="2" coveredmethods="2"/>
      <file name="ValidationStatus.jsx" path="/Users/davidgonzalez/Downloads/addi-crm-challenge/src/components/validation/ValidationStatus.jsx">
        <metrics statements="10" coveredstatements="10" conditionals="6" coveredconditionals="6" methods="2" coveredmethods="2"/>
        <line num="5" count="30" type="stmt"/>
        <line num="7" count="30" type="cond" truecount="2" falsecount="0"/>
        <line num="9" count="5" type="stmt"/>
        <line num="10" count="15" type="cond" truecount="2" falsecount="0"/>
        <line num="11" count="12" type="cond" truecount="2" falsecount="0"/>
        <line num="14" count="5" type="stmt"/>
        <line num="24" count="5" type="stmt"/>
        <line num="31" count="5" type="stmt"/>
        <line num="37" count="5" type="stmt"/>
        <line num="42" count="5" type="stmt"/>
      </file>
    </package>
    <package name="hooks">
      <metrics statements="50" coveredstatements="43" conditionals="33" coveredconditionals="19" methods="14" coveredmethods="13"/>
      <file name="useLeadValidation.js" path="/Users/davidgonzalez/Downloads/addi-crm-challenge/src/hooks/useLeadValidation.js">
        <metrics statements="39" coveredstatements="33" conditionals="30" coveredconditionals="17" methods="10" coveredmethods="9"/>
        <line num="9" count="14" type="stmt"/>
        <line num="10" count="14" type="stmt"/>
        <line num="12" count="14" type="stmt"/>
        <line num="13" count="10" type="stmt"/>
        <line num="17" count="14" type="stmt"/>
        <line num="19" count="3" type="cond" truecount="3" falsecount="1"/>
        <line num="20" count="3" type="stmt"/>
        <line num="22" count="3" type="stmt"/>
        <line num="23" count="3" type="stmt"/>
        <line num="33" count="3" type="cond" truecount="2" falsecount="0"/>
        <line num="34" count="1" type="stmt"/>
        <line num="37" count="3" type="stmt"/>
        <line num="38" count="3" type="stmt"/>
        <line num="44" count="3" type="cond" truecount="1" falsecount="1"/>
        <line num="46" count="3" type="cond" truecount="1" falsecount="1"/>
        <line num="48" count="3" type="stmt"/>
        <line num="53" count="3" type="stmt"/>
        <line num="54" count="3" type="cond" truecount="3" falsecount="0"/>
        <line num="56" count="3" type="stmt"/>
        <line num="66" count="3" type="cond" truecount="2" falsecount="0"/>
        <line num="67" count="2" type="cond" truecount="2" falsecount="0"/>
        <line num="68" count="1" type="stmt"/>
        <line num="70" count="2" type="cond" truecount="1" falsecount="1"/>
        <line num="71" count="2" type="stmt"/>
        <line num="73" count="2" type="stmt"/>
        <line num="74" count="2" type="stmt"/>
        <line num="75" count="2" type="stmt"/>
        <line num="76" count="2" type="stmt"/>
        <line num="79" count="1" type="cond" truecount="1" falsecount="1"/>
        <line num="80" count="0" type="stmt"/>
        <line num="82" count="1" type="cond" truecount="1" falsecount="1"/>
        <line num="83" count="1" type="stmt"/>
        <line num="87" count="0" type="cond" truecount="0" falsecount="2"/>
        <line num="88" count="0" type="cond" truecount="0" falsecount="3"/>
        <line num="90" count="0" type="stmt"/>
        <line num="99" count="0" type="cond" truecount="0" falsecount="2"/>
        <line num="100" count="0" type="stmt"/>
        <line num="103" count="3" type="stmt"/>
        <line num="109" count="14" type="stmt"/>
      </file>
      <file name="useLogs.js" path="/Users/davidgonzalez/Downloads/addi-crm-challenge/src/hooks/useLogs.js">
        <metrics statements="11" coveredstatements="10" conditionals="3" coveredconditionals="2" methods="4" coveredmethods="4"/>
        <line num="4" count="4" type="cond" truecount="2" falsecount="1"/>
        <line num="6" count="3" type="stmt"/>
        <line num="8" count="1" type="stmt"/>
        <line num="10" count="0" type="stmt"/>
        <line num="15" count="10" type="stmt"/>
        <line num="17" count="10" type="stmt"/>
        <line num="18" count="3" type="stmt"/>
        <line num="19" count="3" type="stmt"/>
        <line num="22" count="10" type="stmt"/>
        <line num="23" count="1" type="stmt"/>
        <line num="26" count="10" type="stmt"/>
      </file>
    </package>
    <package name="services">
      <metrics statements="31" coveredstatements="25" conditionals="32" coveredconditionals="15" methods="7" coveredmethods="6"/>
      <file name="validationService.js" path="/Users/davidgonzalez/Downloads/addi-crm-challenge/src/services/validationService.js">
        <metrics statements="31" coveredstatements="25" conditionals="32" coveredconditionals="15" methods="7" coveredmethods="6"/>
        <line num="1" count="3" type="stmt"/>
        <line num="2" count="3" type="stmt"/>
        <line num="5" count="4" type="stmt"/>
        <line num="9" count="4" type="stmt"/>
        <line num="13" count="0" type="stmt"/>
        <line num="14" count="0" type="stmt"/>
        <line num="15" count="0" type="stmt"/>
        <line num="22" count="1" type="stmt"/>
        <line num="24" count="1" type="stmt"/>
        <line num="25" count="1" type="stmt"/>
        <line num="27" count="1" type="stmt"/>
        <line num="35" count="1" type="cond" truecount="1" falsecount="1"/>
        <line num="36" count="0" type="stmt"/>
        <line num="39" count="1" type="cond" truecount="1" falsecount="1"/>
        <line num="41" count="1" type="cond" truecount="3" falsecount="1"/>
        <line num="42" count="0" type="stmt"/>
        <line num="48" count="1" type="stmt"/>
        <line num="56" count="1" type="stmt"/>
        <line num="58" count="1" type="stmt"/>
        <line num="59" count="1" type="stmt"/>
        <line num="61" count="1" type="cond" truecount="1" falsecount="1"/>
        <line num="62" count="0" type="stmt"/>
        <line num="65" count="1" type="stmt"/>
        <line num="66" count="1" type="stmt"/>
        <line num="73" count="2" type="stmt"/>
        <line num="75" count="2" type="stmt"/>
        <line num="76" count="2" type="stmt"/>
        <line num="78" count="2" type="cond" truecount="4" falsecount="0"/>
        <line num="79" count="1" type="stmt"/>
        <line num="82" count="1" type="stmt"/>
        <line num="83" count="1" type="stmt"/>
      </file>
    </package>
    <package name="theme">
      <metrics statements="3" coveredstatements="3" conditionals="0" coveredconditionals="0" methods="3" coveredmethods="3"/>
      <file name="useTheme.js" path="/Users/davidgonzalez/Downloads/addi-crm-challenge/src/theme/useTheme.js">
        <metrics statements="3" coveredstatements="3" conditionals="0" coveredconditionals="0" methods="3" coveredmethods="3"/>
        <line num="4" count="321" type="stmt"/>
        <line num="5" count="154" type="stmt"/>
        <line num="39" count="776" type="stmt"/>
      </file>
    </package>
  </project>
</coverage>
