{"/Users/davidgonzalez/Downloads/addi-crm-challenge/src/app/MiniCRM.jsx": {"path":"/Users/davidgonzalez/Downloads/addi-crm-challenge/src/app/MiniCRM.jsx","statementMap":{"0":{"start":{"line":13,"column":12},"end":{"line":13,"column":22}},"1":{"start":{"line":14,"column":28},"end":{"line":14,"column":37}},"2":{"start":{"line":16,"column":4},"end":{"line":16,"column":26}},"3":{"start":{"line":18,"column":23},"end":{"line":49,"column":3}},"4":{"start":{"line":19,"column":10},"end":{"line":47,"column":5}},"5":{"start":{"line":51,"column":28},"end":{"line":51,"column":50}},"6":{"start":{"line":52,"column":36},"end":{"line":52,"column":48}},"7":{"start":{"line":53,"column":44},"end":{"line":53,"column":59}},"8":{"start":{"line":55,"column":20},"end":{"line":62,"column":3}},"9":{"start":{"line":64,"column":19},"end":{"line":70,"column":3}},"10":{"start":{"line":72,"column":22},"end":{"line":77,"column":3}},"11":{"start":{"line":79,"column":26},"end":{"line":82,"column":3}},"12":{"start":{"line":84,"column":21},"end":{"line":88,"column":3}},"13":{"start":{"line":90,"column":24},"end":{"line":94,"column":3}},"14":{"start":{"line":96,"column":20},"end":{"line":96,"column":22}},"15":{"start":{"line":98,"column":29},"end":{"line":132,"column":3}},"16":{"start":{"line":100,"column":19},"end":{"line":100,"column":53}},"17":{"start":{"line":100,"column":37},"end":{"line":100,"column":52}},"18":{"start":{"line":101,"column":6},"end":{"line":101,"column":24}},"19":{"start":{"line":101,"column":17},"end":{"line":101,"column":24}},"20":{"start":{"line":103,"column":6},"end":{"line":129,"column":8}},"21":{"start":{"line":106,"column":10},"end":{"line":114,"column":13}},"22":{"start":{"line":106,"column":30},"end":{"line":114,"column":11}},"23":{"start":{"line":115,"column":10},"end":{"line":115,"column":63}},"24":{"start":{"line":115,"column":27},"end":{"line":115,"column":61}},"25":{"start":{"line":115,"column":44},"end":{"line":115,"column":60}},"26":{"start":{"line":118,"column":10},"end":{"line":127,"column":12}},"27":{"start":{"line":119,"column":12},"end":{"line":126,"column":13}},"28":{"start":{"line":120,"column":14},"end":{"line":125,"column":19}},"29":{"start":{"line":134,"column":28},"end":{"line":141,"column":42}},"30":{"start":{"line":135,"column":4},"end":{"line":135,"column":30}},"31":{"start":{"line":135,"column":23},"end":{"line":135,"column":30}},"32":{"start":{"line":136,"column":4},"end":{"line":140,"column":7}},"33":{"start":{"line":137,"column":6},"end":{"line":139,"column":7}},"34":{"start":{"line":138,"column":8},"end":{"line":138,"column":36}},"35":{"start":{"line":143,"column":24},"end":{"line":160,"column":3}},"36":{"start":{"line":145,"column":17},"end":{"line":145,"column":52}},"37":{"start":{"line":146,"column":6},"end":{"line":153,"column":9}},"38":{"start":{"line":146,"column":23},"end":{"line":153,"column":7}},"39":{"start":{"line":154,"column":6},"end":{"line":156,"column":7}},"40":{"start":{"line":155,"column":8},"end":{"line":155,"column":32}},"41":{"start":{"line":157,"column":6},"end":{"line":157,"column":30}},"42":{"start":{"line":162,"column":29},"end":{"line":172,"column":3}},"43":{"start":{"line":174,"column":2},"end":{"line":239,"column":4}},"44":{"start":{"line":194,"column":38},"end":{"line":194,"column":60}},"45":{"start":{"line":212,"column":16},"end":{"line":212,"column":43}},"46":{"start":{"line":222,"column":23},"end":{"line":222,"column":46}},"47":{"start":{"line":235,"column":26},"end":{"line":235,"column":49}}},"fnMap":{"0":{"name":"MiniCRM","decl":{"start":{"line":12,"column":24},"end":{"line":12,"column":31}},"loc":{"start":{"line":12,"column":34},"end":{"line":240,"column":1}},"line":12},"1":{"name":"(anonymous_1)","decl":{"start":{"line":19,"column":4},"end":{"line":19,"column":5}},"loc":{"start":{"line":19,"column":10},"end":{"line":47,"column":5}},"line":19},"2":{"name":"(anonymous_2)","decl":{"start":{"line":99,"column":4},"end":{"line":99,"column":5}},"loc":{"start":{"line":99,"column":16},"end":{"line":130,"column":5}},"line":99},"3":{"name":"(anonymous_3)","decl":{"start":{"line":100,"column":30},"end":{"line":100,"column":31}},"loc":{"start":{"line":100,"column":37},"end":{"line":100,"column":52}},"line":100},"4":{"name":"(anonymous_4)","decl":{"start":{"line":105,"column":8},"end":{"line":105,"column":9}},"loc":{"start":{"line":105,"column":19},"end":{"line":116,"column":9}},"line":105},"5":{"name":"(anonymous_5)","decl":{"start":{"line":106,"column":23},"end":{"line":106,"column":24}},"loc":{"start":{"line":106,"column":30},"end":{"line":114,"column":11}},"line":106},"6":{"name":"(anonymous_6)","decl":{"start":{"line":115,"column":19},"end":{"line":115,"column":20}},"loc":{"start":{"line":115,"column":27},"end":{"line":115,"column":61}},"line":115},"7":{"name":"(anonymous_7)","decl":{"start":{"line":115,"column":37},"end":{"line":115,"column":38}},"loc":{"start":{"line":115,"column":44},"end":{"line":115,"column":60}},"line":115},"8":{"name":"(anonymous_8)","decl":{"start":{"line":117,"column":8},"end":{"line":117,"column":9}},"loc":{"start":{"line":117,"column":14},"end":{"line":128,"column":9}},"line":117},"9":{"name":"(anonymous_9)","decl":{"start":{"line":118,"column":19},"end":{"line":118,"column":20}},"loc":{"start":{"line":119,"column":12},"end":{"line":126,"column":13}},"line":119},"10":{"name":"(anonymous_10)","decl":{"start":{"line":119,"column":19},"end":{"line":119,"column":20}},"loc":{"start":{"line":120,"column":14},"end":{"line":125,"column":19}},"line":120},"11":{"name":"(anonymous_11)","decl":{"start":{"line":134,"column":40},"end":{"line":134,"column":41}},"loc":{"start":{"line":134,"column":46},"end":{"line":141,"column":3}},"line":134},"12":{"name":"(anonymous_12)","decl":{"start":{"line":136,"column":18},"end":{"line":136,"column":19}},"loc":{"start":{"line":136,"column":28},"end":{"line":140,"column":5}},"line":136},"13":{"name":"(anonymous_13)","decl":{"start":{"line":144,"column":4},"end":{"line":144,"column":5}},"loc":{"start":{"line":144,"column":22},"end":{"line":158,"column":5}},"line":144},"14":{"name":"(anonymous_14)","decl":{"start":{"line":146,"column":15},"end":{"line":146,"column":16}},"loc":{"start":{"line":146,"column":23},"end":{"line":153,"column":7}},"line":146},"15":{"name":"(anonymous_15)","decl":{"start":{"line":194,"column":32},"end":{"line":194,"column":33}},"loc":{"start":{"line":194,"column":38},"end":{"line":194,"column":60}},"line":194},"16":{"name":"(anonymous_16)","decl":{"start":{"line":211,"column":28},"end":{"line":211,"column":29}},"loc":{"start":{"line":212,"column":16},"end":{"line":212,"column":43}},"line":212},"17":{"name":"(anonymous_17)","decl":{"start":{"line":222,"column":17},"end":{"line":222,"column":18}},"loc":{"start":{"line":222,"column":23},"end":{"line":222,"column":46}},"line":222},"18":{"name":"(anonymous_18)","decl":{"start":{"line":235,"column":20},"end":{"line":235,"column":21}},"loc":{"start":{"line":235,"column":26},"end":{"line":235,"column":49}},"line":235}},"branchMap":{"0":{"loc":{"start":{"line":101,"column":6},"end":{"line":101,"column":24}},"type":"if","locations":[{"start":{"line":101,"column":6},"end":{"line":101,"column":24}},{"start":{},"end":{}}],"line":101},"1":{"loc":{"start":{"line":120,"column":14},"end":{"line":125,"column":19}},"type":"cond-expr","locations":[{"start":{"line":121,"column":18},"end":{"line":124,"column":19}},{"start":{"line":125,"column":18},"end":{"line":125,"column":19}}],"line":120},"2":{"loc":{"start":{"line":123,"column":41},"end":{"line":123,"column":66}},"type":"binary-expr","locations":[{"start":{"line":123,"column":41},"end":{"line":123,"column":61}},{"start":{"line":123,"column":65},"end":{"line":123,"column":66}}],"line":123},"3":{"loc":{"start":{"line":135,"column":4},"end":{"line":135,"column":30}},"type":"if","locations":[{"start":{"line":135,"column":4},"end":{"line":135,"column":30}},{"start":{},"end":{}}],"line":135},"4":{"loc":{"start":{"line":137,"column":6},"end":{"line":139,"column":7}},"type":"if","locations":[{"start":{"line":137,"column":6},"end":{"line":139,"column":7}},{"start":{},"end":{}}],"line":137},"5":{"loc":{"start":{"line":154,"column":6},"end":{"line":156,"column":7}},"type":"if","locations":[{"start":{"line":154,"column":6},"end":{"line":156,"column":7}},{"start":{},"end":{}}],"line":154},"6":{"loc":{"start":{"line":199,"column":9},"end":{"line":216,"column":9}},"type":"binary-expr","locations":[{"start":{"line":199,"column":9},"end":{"line":199,"column":28}},{"start":{"line":200,"column":10},"end":{"line":215,"column":20}}],"line":199}},"s":{"0":7,"1":7,"2":7,"3":7,"4":3,"5":7,"6":7,"7":7,"8":7,"9":7,"10":7,"11":7,"12":7,"13":7,"14":7,"15":7,"16":0,"17":0,"18":0,"19":0,"20":0,"21":0,"22":0,"23":0,"24":0,"25":0,"26":0,"27":0,"28":0,"29":7,"30":0,"31":0,"32":0,"33":0,"34":0,"35":7,"36":1,"37":1,"38":1,"39":1,"40":1,"41":1,"42":7,"43":7,"44":2,"45":1,"46":1,"47":0},"f":{"0":7,"1":3,"2":0,"3":0,"4":0,"5":0,"6":0,"7":0,"8":0,"9":0,"10":0,"11":0,"12":0,"13":1,"14":1,"15":2,"16":1,"17":1,"18":0},"b":{"0":[0,0],"1":[0,0],"2":[0,0],"3":[0,0],"4":[0,0],"5":[1,0],"6":[7,1]},"_coverageSchema":"1a1c01bbd47fc00a2c39e90264f33305004495a9","hash":"f4ac98c17f6d0dc312b5dab1c4e3c741d43e4161"}
,"/Users/davidgonzalez/Downloads/addi-crm-challenge/src/components/layout/Card.jsx": {"path":"/Users/davidgonzalez/Downloads/addi-crm-challenge/src/components/layout/Card.jsx","statementMap":{"0":{"start":{"line":4,"column":12},"end":{"line":4,"column":22}},"1":{"start":{"line":6,"column":20},"end":{"line":15,"column":3}},"2":{"start":{"line":17,"column":2},"end":{"line":54,"column":4}}},"fnMap":{"0":{"name":"Card","decl":{"start":{"line":3,"column":16},"end":{"line":3,"column":20}},"loc":{"start":{"line":3,"column":67},"end":{"line":55,"column":1}},"line":3}},"branchMap":{"0":{"loc":{"start":{"line":19,"column":7},"end":{"line":33,"column":7}},"type":"binary-expr","locations":[{"start":{"line":19,"column":7},"end":{"line":19,"column":13}},{"start":{"line":20,"column":8},"end":{"line":32,"column":14}}],"line":19},"1":{"loc":{"start":{"line":43,"column":7},"end":{"line":52,"column":7}},"type":"binary-expr","locations":[{"start":{"line":43,"column":7},"end":{"line":43,"column":13}},{"start":{"line":44,"column":8},"end":{"line":51,"column":14}}],"line":43}},"s":{"0":20,"1":20,"2":20},"f":{"0":20},"b":{"0":[20,20],"1":[20,9]},"_coverageSchema":"1a1c01bbd47fc00a2c39e90264f33305004495a9","hash":"09c0af6ed9f9d07a73e0105ffac6854c368807c0"}
,"/Users/davidgonzalez/Downloads/addi-crm-challenge/src/components/leads/LeadCard.jsx": {"path":"/Users/davidgonzalez/Downloads/addi-crm-challenge/src/components/leads/LeadCard.jsx","statementMap":{"0":{"start":{"line":7,"column":12},"end":{"line":7,"column":22}},"1":{"start":{"line":9,"column":19},"end":{"line":18,"column":3}},"2":{"start":{"line":20,"column":2},"end":{"line":92,"column":4}}},"fnMap":{"0":{"name":"LeadCard","decl":{"start":{"line":6,"column":16},"end":{"line":6,"column":24}},"loc":{"start":{"line":6,"column":71},"end":{"line":93,"column":1}},"line":6}},"branchMap":{"0":{"loc":{"start":{"line":45,"column":9},"end":{"line":51,"column":9}},"type":"binary-expr","locations":[{"start":{"line":45,"column":9},"end":{"line":45,"column":36}},{"start":{"line":46,"column":10},"end":{"line":50,"column":16}}],"line":45},"1":{"loc":{"start":{"line":88,"column":11},"end":{"line":88,"column":44}},"type":"cond-expr","locations":[{"start":{"line":88,"column":18},"end":{"line":88,"column":31}},{"start":{"line":88,"column":34},"end":{"line":88,"column":44}}],"line":88}},"s":{"0":27,"1":27,"2":27},"f":{"0":27},"b":{"0":[27,3],"1":[1,26]},"_coverageSchema":"1a1c01bbd47fc00a2c39e90264f33305004495a9","hash":"a0e2f29630fa2a918bb024f36d92f01c3738772d"}
,"/Users/davidgonzalez/Downloads/addi-crm-challenge/src/components/leads/LeadsSection.jsx": {"path":"/Users/davidgonzalez/Downloads/addi-crm-challenge/src/components/leads/LeadsSection.jsx","statementMap":{"0":{"start":{"line":15,"column":12},"end":{"line":15,"column":22}},"1":{"start":{"line":17,"column":20},"end":{"line":20,"column":3}},"2":{"start":{"line":22,"column":24},"end":{"line":26,"column":3}},"3":{"start":{"line":28,"column":21},"end":{"line":34,"column":3}},"4":{"start":{"line":37,"column":4},"end":{"line":79,"column":7}},"5":{"start":{"line":82,"column":2},"end":{"line":104,"column":4}},"6":{"start":{"line":86,"column":23},"end":{"line":86,"column":56}},"7":{"start":{"line":87,"column":26},"end":{"line":87,"column":54}},"8":{"start":{"line":89,"column":10},"end":{"line":97,"column":12}},"9":{"start":{"line":95,"column":32},"end":{"line":95,"column":55}}},"fnMap":{"0":{"name":"LeadsSection","decl":{"start":{"line":6,"column":16},"end":{"line":6,"column":28}},"loc":{"start":{"line":14,"column":3},"end":{"line":105,"column":1}},"line":14},"1":{"name":"(anonymous_1)","decl":{"start":{"line":85,"column":19},"end":{"line":85,"column":20}},"loc":{"start":{"line":85,"column":29},"end":{"line":98,"column":9}},"line":85},"2":{"name":"(anonymous_2)","decl":{"start":{"line":95,"column":26},"end":{"line":95,"column":27}},"loc":{"start":{"line":95,"column":32},"end":{"line":95,"column":55}},"line":95}},"branchMap":{"0":{"loc":{"start":{"line":71,"column":22},"end":{"line":71,"column":52}},"type":"binary-expr","locations":[{"start":{"line":71,"column":22},"end":{"line":71,"column":35}},{"start":{"line":71,"column":39},"end":{"line":71,"column":52}}],"line":71},"1":{"loc":{"start":{"line":74,"column":13},"end":{"line":74,"column":59}},"type":"cond-expr","locations":[{"start":{"line":74,"column":29},"end":{"line":74,"column":42}},{"start":{"line":74,"column":45},"end":{"line":74,"column":59}}],"line":74},"2":{"loc":{"start":{"line":99,"column":9},"end":{"line":101,"column":9}},"type":"binary-expr","locations":[{"start":{"line":99,"column":9},"end":{"line":99,"column":27}},{"start":{"line":100,"column":10},"end":{"line":100,"column":67}}],"line":99}},"s":{"0":11,"1":11,"2":11,"3":11,"4":11,"5":11,"6":24,"7":24,"8":24,"9":0},"f":{"0":11,"1":24,"2":0},"b":{"0":[11,9],"1":[0,11],"2":[11,2]},"_coverageSchema":"1a1c01bbd47fc00a2c39e90264f33305004495a9","hash":"43408cf72b1bfee1beae6b92b59f59fff8b730bd"}
,"/Users/davidgonzalez/Downloads/addi-crm-challenge/src/components/leads/NewLeadForm.jsx": {"path":"/Users/davidgonzalez/Downloads/addi-crm-challenge/src/components/leads/NewLeadForm.jsx","statementMap":{"0":{"start":{"line":7,"column":12},"end":{"line":7,"column":22}},"1":{"start":{"line":9,"column":26},"end":{"line":15,"column":4}},"2":{"start":{"line":17,"column":30},"end":{"line":17,"column":42}},"3":{"start":{"line":19,"column":19},"end":{"line":28,"column":3}},"4":{"start":{"line":20,"column":23},"end":{"line":20,"column":25}},"5":{"start":{"line":21,"column":4},"end":{"line":21,"column":61}},"6":{"start":{"line":21,"column":26},"end":{"line":21,"column":61}},"7":{"start":{"line":22,"column":4},"end":{"line":22,"column":59}},"8":{"start":{"line":22,"column":25},"end":{"line":22,"column":59}},"9":{"start":{"line":23,"column":4},"end":{"line":23,"column":59}},"10":{"start":{"line":23,"column":25},"end":{"line":23,"column":59}},"11":{"start":{"line":24,"column":4},"end":{"line":24,"column":57}},"12":{"start":{"line":24,"column":24},"end":{"line":24,"column":57}},"13":{"start":{"line":25,"column":4},"end":{"line":25,"column":51}},"14":{"start":{"line":25,"column":21},"end":{"line":25,"column":51}},"15":{"start":{"line":26,"column":4},"end":{"line":26,"column":26}},"16":{"start":{"line":27,"column":4},"end":{"line":27,"column":48}},"17":{"start":{"line":30,"column":23},"end":{"line":40,"column":3}},"18":{"start":{"line":30,"column":34},"end":{"line":40,"column":3}},"19":{"start":{"line":31,"column":18},"end":{"line":31,"column":32}},"20":{"start":{"line":32,"column":4},"end":{"line":32,"column":53}},"21":{"start":{"line":32,"column":23},"end":{"line":32,"column":50}},"22":{"start":{"line":33,"column":4},"end":{"line":39,"column":5}},"23":{"start":{"line":34,"column":6},"end":{"line":38,"column":9}},"24":{"start":{"line":35,"column":21},"end":{"line":35,"column":32}},"25":{"start":{"line":36,"column":8},"end":{"line":36,"column":27}},"26":{"start":{"line":37,"column":8},"end":{"line":37,"column":20}},"27":{"start":{"line":42,"column":23},"end":{"line":48,"column":3}},"28":{"start":{"line":43,"column":4},"end":{"line":43,"column":23}},"29":{"start":{"line":44,"column":4},"end":{"line":44,"column":28}},"30":{"start":{"line":44,"column":21},"end":{"line":44,"column":28}},"31":{"start":{"line":45,"column":4},"end":{"line":47,"column":5}},"32":{"start":{"line":46,"column":6},"end":{"line":46,"column":21}},"33":{"start":{"line":50,"column":25},"end":{"line":53,"column":3}},"34":{"start":{"line":55,"column":20},"end":{"line":58,"column":3}},"35":{"start":{"line":60,"column":21},"end":{"line":64,"column":3}},"36":{"start":{"line":66,"column":2},"end":{"line":145,"column":4}}},"fnMap":{"0":{"name":"NewLeadForm","decl":{"start":{"line":6,"column":16},"end":{"line":6,"column":27}},"loc":{"start":{"line":6,"column":52},"end":{"line":146,"column":1}},"line":6},"1":{"name":"(anonymous_1)","decl":{"start":{"line":19,"column":19},"end":{"line":19,"column":20}},"loc":{"start":{"line":19,"column":25},"end":{"line":28,"column":3}},"line":19},"2":{"name":"(anonymous_2)","decl":{"start":{"line":30,"column":23},"end":{"line":30,"column":24}},"loc":{"start":{"line":30,"column":34},"end":{"line":40,"column":3}},"line":30},"3":{"name":"(anonymous_3)","decl":{"start":{"line":30,"column":34},"end":{"line":30,"column":35}},"loc":{"start":{"line":30,"column":41},"end":{"line":40,"column":3}},"line":30},"4":{"name":"(anonymous_4)","decl":{"start":{"line":32,"column":12},"end":{"line":32,"column":13}},"loc":{"start":{"line":32,"column":23},"end":{"line":32,"column":50}},"line":32},"5":{"name":"(anonymous_5)","decl":{"start":{"line":34,"column":16},"end":{"line":34,"column":17}},"loc":{"start":{"line":34,"column":26},"end":{"line":38,"column":7}},"line":34},"6":{"name":"(anonymous_6)","decl":{"start":{"line":42,"column":23},"end":{"line":42,"column":24}},"loc":{"start":{"line":42,"column":30},"end":{"line":48,"column":3}},"line":42}},"branchMap":{"0":{"loc":{"start":{"line":21,"column":4},"end":{"line":21,"column":61}},"type":"if","locations":[{"start":{"line":21,"column":4},"end":{"line":21,"column":61}},{"start":{},"end":{}}],"line":21},"1":{"loc":{"start":{"line":22,"column":4},"end":{"line":22,"column":59}},"type":"if","locations":[{"start":{"line":22,"column":4},"end":{"line":22,"column":59}},{"start":{},"end":{}}],"line":22},"2":{"loc":{"start":{"line":23,"column":4},"end":{"line":23,"column":59}},"type":"if","locations":[{"start":{"line":23,"column":4},"end":{"line":23,"column":59}},{"start":{},"end":{}}],"line":23},"3":{"loc":{"start":{"line":24,"column":4},"end":{"line":24,"column":57}},"type":"if","locations":[{"start":{"line":24,"column":4},"end":{"line":24,"column":57}},{"start":{},"end":{}}],"line":24},"4":{"loc":{"start":{"line":25,"column":4},"end":{"line":25,"column":51}},"type":"if","locations":[{"start":{"line":25,"column":4},"end":{"line":25,"column":51}},{"start":{},"end":{}}],"line":25},"5":{"loc":{"start":{"line":33,"column":4},"end":{"line":39,"column":5}},"type":"if","locations":[{"start":{"line":33,"column":4},"end":{"line":39,"column":5}},{"start":{},"end":{}}],"line":33},"6":{"loc":{"start":{"line":44,"column":4},"end":{"line":44,"column":28}},"type":"if","locations":[{"start":{"line":44,"column":4},"end":{"line":44,"column":28}},{"start":{},"end":{}}],"line":44},"7":{"loc":{"start":{"line":45,"column":4},"end":{"line":47,"column":5}},"type":"if","locations":[{"start":{"line":45,"column":4},"end":{"line":47,"column":5}},{"start":{},"end":{}}],"line":45},"8":{"loc":{"start":{"line":77,"column":11},"end":{"line":79,"column":11}},"type":"binary-expr","locations":[{"start":{"line":77,"column":11},"end":{"line":77,"column":28}},{"start":{"line":78,"column":12},"end":{"line":78,"column":65}}],"line":77},"9":{"loc":{"start":{"line":89,"column":11},"end":{"line":91,"column":11}},"type":"binary-expr","locations":[{"start":{"line":89,"column":11},"end":{"line":89,"column":27}},{"start":{"line":90,"column":12},"end":{"line":90,"column":64}}],"line":89},"10":{"loc":{"start":{"line":101,"column":11},"end":{"line":103,"column":11}},"type":"binary-expr","locations":[{"start":{"line":101,"column":11},"end":{"line":101,"column":27}},{"start":{"line":102,"column":12},"end":{"line":102,"column":64}}],"line":101},"11":{"loc":{"start":{"line":113,"column":11},"end":{"line":115,"column":11}},"type":"binary-expr","locations":[{"start":{"line":113,"column":11},"end":{"line":113,"column":26}},{"start":{"line":114,"column":12},"end":{"line":114,"column":63}}],"line":113},"12":{"loc":{"start":{"line":126,"column":11},"end":{"line":126,"column":75}},"type":"binary-expr","locations":[{"start":{"line":126,"column":11},"end":{"line":126,"column":23}},{"start":{"line":126,"column":27},"end":{"line":126,"column":75}}],"line":126}},"s":{"0":16,"1":16,"2":16,"3":16,"4":3,"5":3,"6":1,"7":3,"8":1,"9":3,"10":1,"11":3,"12":1,"13":3,"14":1,"15":3,"16":3,"17":16,"18":80,"19":10,"20":10,"21":10,"22":10,"23":5,"24":5,"25":5,"26":5,"27":16,"28":3,"29":3,"30":1,"31":2,"32":2,"33":16,"34":16,"35":16,"36":16},"f":{"0":16,"1":3,"2":80,"3":10,"4":10,"5":5,"6":3},"b":{"0":[1,2],"1":[1,2],"2":[1,2],"3":[1,2],"4":[1,2],"5":[5,5],"6":[1,2],"7":[2,0],"8":[16,1],"9":[16,2],"10":[16,3],"11":[16,4],"12":[16,5]},"_coverageSchema":"1a1c01bbd47fc00a2c39e90264f33305004495a9","hash":"5522273867c3c498344de760bb65cfe4c2822eb3"}
,"/Users/davidgonzalez/Downloads/addi-crm-challenge/src/components/prospects/ProspectCard.jsx": {"path":"/Users/davidgonzalez/Downloads/addi-crm-challenge/src/components/prospects/ProspectCard.jsx","statementMap":{"0":{"start":{"line":5,"column":12},"end":{"line":5,"column":22}},"1":{"start":{"line":7,"column":19},"end":{"line":16,"column":3}},"2":{"start":{"line":18,"column":2},"end":{"line":97,"column":4}}},"fnMap":{"0":{"name":"ProspectCard","decl":{"start":{"line":4,"column":16},"end":{"line":4,"column":28}},"loc":{"start":{"line":4,"column":43},"end":{"line":98,"column":1}},"line":4}},"branchMap":{"0":{"loc":{"start":{"line":79,"column":20},"end":{"line":79,"column":57}},"type":"cond-expr","locations":[{"start":{"line":79,"column":42},"end":{"line":79,"column":49}},{"start":{"line":79,"column":52},"end":{"line":79,"column":57}}],"line":79}},"s":{"0":1,"1":1,"2":1},"f":{"0":1},"b":{"0":[1,0]},"_coverageSchema":"1a1c01bbd47fc00a2c39e90264f33305004495a9","hash":"1bf40eb8cecc4fd28ed6a41e98af8fff01268628"}
,"/Users/davidgonzalez/Downloads/addi-crm-challenge/src/components/prospects/ProspectsSection.jsx": {"path":"/Users/davidgonzalez/Downloads/addi-crm-challenge/src/components/prospects/ProspectsSection.jsx","statementMap":{"0":{"start":{"line":6,"column":12},"end":{"line":6,"column":22}},"1":{"start":{"line":8,"column":20},"end":{"line":11,"column":3}},"2":{"start":{"line":13,"column":24},"end":{"line":17,"column":3}},"3":{"start":{"line":19,"column":26},"end":{"line":23,"column":3}},"4":{"start":{"line":25,"column":21},"end":{"line":31,"column":3}},"5":{"start":{"line":34,"column":4},"end":{"line":57,"column":7}},"6":{"start":{"line":61,"column":4},"end":{"line":64,"column":10}},"7":{"start":{"line":67,"column":2},"end":{"line":78,"column":4}},"8":{"start":{"line":71,"column":10},"end":{"line":71,"column":58}}},"fnMap":{"0":{"name":"ProspectsSection","decl":{"start":{"line":5,"column":16},"end":{"line":5,"column":32}},"loc":{"start":{"line":5,"column":48},"end":{"line":79,"column":1}},"line":5},"1":{"name":"(anonymous_1)","decl":{"start":{"line":70,"column":23},"end":{"line":70,"column":24}},"loc":{"start":{"line":71,"column":10},"end":{"line":71,"column":58}},"line":71}},"branchMap":{"0":{"loc":{"start":{"line":73,"column":9},"end":{"line":75,"column":9}},"type":"binary-expr","locations":[{"start":{"line":73,"column":9},"end":{"line":73,"column":31}},{"start":{"line":74,"column":10},"end":{"line":74,"column":60}}],"line":73}},"s":{"0":9,"1":9,"2":9,"3":9,"4":9,"5":9,"6":9,"7":9,"8":1},"f":{"0":9,"1":1},"b":{"0":[9,8]},"_coverageSchema":"1a1c01bbd47fc00a2c39e90264f33305004495a9","hash":"fbc63863a6e546635048a6f4a610282d777809d0"}
,"/Users/davidgonzalez/Downloads/addi-crm-challenge/src/components/ui/Button.jsx": {"path":"/Users/davidgonzalez/Downloads/addi-crm-challenge/src/components/ui/Button.jsx","statementMap":{"0":{"start":{"line":10,"column":12},"end":{"line":10,"column":22}},"1":{"start":{"line":12,"column":20},"end":{"line":21,"column":3}},"2":{"start":{"line":23,"column":19},"end":{"line":42,"column":3}},"3":{"start":{"line":44,"column":24},"end":{"line":57,"column":3}},"4":{"start":{"line":59,"column":24},"end":{"line":64,"column":3}},"5":{"start":{"line":66,"column":23},"end":{"line":66,"column":60}},"6":{"start":{"line":67,"column":21},"end":{"line":72,"column":3}},"7":{"start":{"line":74,"column":27},"end":{"line":78,"column":3}},"8":{"start":{"line":75,"column":4},"end":{"line":75,"column":25}},"9":{"start":{"line":75,"column":18},"end":{"line":75,"column":25}},"10":{"start":{"line":76,"column":15},"end":{"line":76,"column":62}},"11":{"start":{"line":77,"column":4},"end":{"line":77,"column":57}},"12":{"start":{"line":80,"column":27},"end":{"line":82,"column":3}},"13":{"start":{"line":81,"column":4},"end":{"line":81,"column":53}},"14":{"start":{"line":84,"column":2},"end":{"line":95,"column":4}}},"fnMap":{"0":{"name":"Button","decl":{"start":{"line":3,"column":16},"end":{"line":3,"column":22}},"loc":{"start":{"line":9,"column":3},"end":{"line":96,"column":1}},"line":9},"1":{"name":"(anonymous_1)","decl":{"start":{"line":74,"column":27},"end":{"line":74,"column":28}},"loc":{"start":{"line":74,"column":34},"end":{"line":78,"column":3}},"line":74},"2":{"name":"(anonymous_2)","decl":{"start":{"line":80,"column":27},"end":{"line":80,"column":28}},"loc":{"start":{"line":80,"column":34},"end":{"line":82,"column":3}},"line":80}},"branchMap":{"0":{"loc":{"start":{"line":4,"column":2},"end":{"line":4,"column":21}},"type":"default-arg","locations":[{"start":{"line":4,"column":12},"end":{"line":4,"column":21}}],"line":4},"1":{"loc":{"start":{"line":5,"column":2},"end":{"line":5,"column":18}},"type":"default-arg","locations":[{"start":{"line":5,"column":13},"end":{"line":5,"column":18}}],"line":5},"2":{"loc":{"start":{"line":66,"column":23},"end":{"line":66,"column":60}},"type":"binary-expr","locations":[{"start":{"line":66,"column":23},"end":{"line":66,"column":40}},{"start":{"line":66,"column":44},"end":{"line":66,"column":60}}],"line":66},"3":{"loc":{"start":{"line":70,"column":8},"end":{"line":70,"column":39}},"type":"cond-expr","locations":[{"start":{"line":70,"column":19},"end":{"line":70,"column":32}},{"start":{"line":70,"column":35},"end":{"line":70,"column":39}}],"line":70},"4":{"loc":{"start":{"line":75,"column":4},"end":{"line":75,"column":25}},"type":"if","locations":[{"start":{"line":75,"column":4},"end":{"line":75,"column":25}},{"start":{},"end":{}}],"line":75},"5":{"loc":{"start":{"line":76,"column":15},"end":{"line":76,"column":62}},"type":"binary-expr","locations":[{"start":{"line":76,"column":15},"end":{"line":76,"column":37}},{"start":{"line":76,"column":41},"end":{"line":76,"column":62}}],"line":76}},"s":{"0":85,"1":85,"2":85,"3":85,"4":85,"5":85,"6":85,"7":85,"8":0,"9":0,"10":0,"11":0,"12":85,"13":0,"14":85},"f":{"0":85,"1":0,"2":0},"b":{"0":[2],"1":[46],"2":[85,0],"3":[4,81],"4":[0,0],"5":[0,0]},"_coverageSchema":"1a1c01bbd47fc00a2c39e90264f33305004495a9","hash":"c64494e1b3b6931926a452b270e540f65646cba7"}
,"/Users/davidgonzalez/Downloads/addi-crm-challenge/src/components/ui/Input.jsx": {"path":"/Users/davidgonzalez/Downloads/addi-crm-challenge/src/components/ui/Input.jsx","statementMap":{"0":{"start":{"line":15,"column":12},"end":{"line":15,"column":22}},"1":{"start":{"line":16,"column":32},"end":{"line":16,"column":47}},"2":{"start":{"line":18,"column":21},"end":{"line":21,"column":3}},"3":{"start":{"line":23,"column":20},"end":{"line":31,"column":3}},"4":{"start":{"line":33,"column":21},"end":{"line":39,"column":10}},"5":{"start":{"line":41,"column":2},"end":{"line":62,"column":4}},"6":{"start":{"line":57,"column":23},"end":{"line":57,"column":39}},"7":{"start":{"line":58,"column":22},"end":{"line":58,"column":39}}},"fnMap":{"0":{"name":"Input","decl":{"start":{"line":4,"column":16},"end":{"line":4,"column":21}},"loc":{"start":{"line":14,"column":3},"end":{"line":63,"column":1}},"line":14},"1":{"name":"(anonymous_1)","decl":{"start":{"line":57,"column":17},"end":{"line":57,"column":18}},"loc":{"start":{"line":57,"column":23},"end":{"line":57,"column":39}},"line":57},"2":{"name":"(anonymous_2)","decl":{"start":{"line":58,"column":16},"end":{"line":58,"column":17}},"loc":{"start":{"line":58,"column":22},"end":{"line":58,"column":39}},"line":58}},"branchMap":{"0":{"loc":{"start":{"line":7,"column":2},"end":{"line":7,"column":15}},"type":"default-arg","locations":[{"start":{"line":7,"column":9},"end":{"line":7,"column":15}}],"line":7},"1":{"loc":{"start":{"line":33,"column":21},"end":{"line":39,"column":10}},"type":"cond-expr","locations":[{"start":{"line":34,"column":6},"end":{"line":38,"column":7}},{"start":{"line":39,"column":6},"end":{"line":39,"column":10}}],"line":33},"2":{"loc":{"start":{"line":43,"column":7},"end":{"line":47,"column":7}},"type":"binary-expr","locations":[{"start":{"line":43,"column":7},"end":{"line":43,"column":12}},{"start":{"line":44,"column":8},"end":{"line":46,"column":16}}],"line":43}},"s":{"0":81,"1":81,"2":81,"3":81,"4":81,"5":81,"6":0,"7":0},"f":{"0":81,"1":0,"2":0},"b":{"0":[49],"1":[0,81],"2":[81,81]},"_coverageSchema":"1a1c01bbd47fc00a2c39e90264f33305004495a9","hash":"6abdd09ebb1b00e06d234977db697d743c42db7f"}
,"/Users/davidgonzalez/Downloads/addi-crm-challenge/src/components/ui/Modal.jsx": {"path":"/Users/davidgonzalez/Downloads/addi-crm-challenge/src/components/ui/Modal.jsx","statementMap":{"0":{"start":{"line":5,"column":12},"end":{"line":5,"column":22}},"1":{"start":{"line":7,"column":2},"end":{"line":7,"column":27}},"2":{"start":{"line":7,"column":15},"end":{"line":7,"column":27}},"3":{"start":{"line":9,"column":23},"end":{"line":18,"column":3}},"4":{"start":{"line":20,"column":21},"end":{"line":29,"column":3}},"5":{"start":{"line":31,"column":22},"end":{"line":38,"column":3}},"6":{"start":{"line":40,"column":21},"end":{"line":43,"column":3}},"7":{"start":{"line":45,"column":20},"end":{"line":51,"column":3}},"8":{"start":{"line":53,"column":22},"end":{"line":59,"column":3}},"9":{"start":{"line":61,"column":18},"end":{"line":61,"column":49}},"10":{"start":{"line":63,"column":2},"end":{"line":88,"column":4}},"11":{"start":{"line":71,"column":46},"end":{"line":71,"column":65}}},"fnMap":{"0":{"name":"Modal","decl":{"start":{"line":4,"column":16},"end":{"line":4,"column":21}},"loc":{"start":{"line":4,"column":76},"end":{"line":89,"column":1}},"line":4},"1":{"name":"(anonymous_1)","decl":{"start":{"line":71,"column":39},"end":{"line":71,"column":40}},"loc":{"start":{"line":71,"column":46},"end":{"line":71,"column":65}},"line":71}},"branchMap":{"0":{"loc":{"start":{"line":7,"column":2},"end":{"line":7,"column":27}},"type":"if","locations":[{"start":{"line":7,"column":2},"end":{"line":7,"column":27}},{"start":{},"end":{}}],"line":7},"1":{"loc":{"start":{"line":61,"column":18},"end":{"line":61,"column":49}},"type":"binary-expr","locations":[{"start":{"line":61,"column":18},"end":{"line":61,"column":32}},{"start":{"line":61,"column":36},"end":{"line":61,"column":49}}],"line":61}},"s":{"0":7,"1":7,"2":5,"3":2,"4":2,"5":2,"6":2,"7":2,"8":2,"9":2,"10":2,"11":2},"f":{"0":7,"1":2},"b":{"0":[5,2],"1":[2,2]},"_coverageSchema":"1a1c01bbd47fc00a2c39e90264f33305004495a9","hash":"6d33bfa74402dd67fd4549f4f270a1667b83d6a5"}
,"/Users/davidgonzalez/Downloads/addi-crm-challenge/src/components/ui/Pill.jsx": {"path":"/Users/davidgonzalez/Downloads/addi-crm-challenge/src/components/ui/Pill.jsx","statementMap":{"0":{"start":{"line":4,"column":12},"end":{"line":4,"column":22}},"1":{"start":{"line":6,"column":20},"end":{"line":15,"column":3}},"2":{"start":{"line":18,"column":4},"end":{"line":34,"column":9}},"3":{"start":{"line":36,"column":2},"end":{"line":40,"column":4}}},"fnMap":{"0":{"name":"Pill","decl":{"start":{"line":3,"column":16},"end":{"line":3,"column":20}},"loc":{"start":{"line":3,"column":69},"end":{"line":41,"column":1}},"line":3}},"branchMap":{"0":{"loc":{"start":{"line":3,"column":23},"end":{"line":3,"column":39}},"type":"default-arg","locations":[{"start":{"line":3,"column":30},"end":{"line":3,"column":39}}],"line":3},"1":{"loc":{"start":{"line":18,"column":4},"end":{"line":34,"column":9}},"type":"cond-expr","locations":[{"start":{"line":19,"column":8},"end":{"line":23,"column":9}},{"start":{"line":24,"column":8},"end":{"line":34,"column":9}}],"line":18},"2":{"loc":{"start":{"line":24,"column":8},"end":{"line":34,"column":9}},"type":"cond-expr","locations":[{"start":{"line":25,"column":8},"end":{"line":29,"column":9}},{"start":{"line":30,"column":8},"end":{"line":34,"column":9}}],"line":24}},"s":{"0":24,"1":24,"2":24,"3":24},"f":{"0":24},"b":{"0":[1],"1":[3,21],"2":[4,17]},"_coverageSchema":"1a1c01bbd47fc00a2c39e90264f33305004495a9","hash":"73c10b63bf9b11072e161f0d3c43f56c033b14ee"}
,"/Users/davidgonzalez/Downloads/addi-crm-challenge/src/components/validation/ValidationStatus.jsx": {"path":"/Users/davidgonzalez/Downloads/addi-crm-challenge/src/components/validation/ValidationStatus.jsx","statementMap":{"0":{"start":{"line":5,"column":12},"end":{"line":5,"column":22}},"1":{"start":{"line":7,"column":2},"end":{"line":7,"column":27}},"2":{"start":{"line":7,"column":15},"end":{"line":7,"column":27}},"3":{"start":{"line":9,"column":15},"end":{"line":12,"column":3}},"4":{"start":{"line":10,"column":4},"end":{"line":10,"column":28}},"5":{"start":{"line":10,"column":17},"end":{"line":10,"column":28}},"6":{"start":{"line":11,"column":4},"end":{"line":11,"column":26}},"7":{"start":{"line":14,"column":25},"end":{"line":22,"column":3}},"8":{"start":{"line":24,"column":21},"end":{"line":29,"column":3}},"9":{"start":{"line":31,"column":21},"end":{"line":35,"column":3}},"10":{"start":{"line":37,"column":20},"end":{"line":40,"column":3}},"11":{"start":{"line":42,"column":2},"end":{"line":60,"column":4}}},"fnMap":{"0":{"name":"ValidationStatus","decl":{"start":{"line":4,"column":16},"end":{"line":4,"column":32}},"loc":{"start":{"line":4,"column":45},"end":{"line":61,"column":1}},"line":4},"1":{"name":"(anonymous_1)","decl":{"start":{"line":9,"column":15},"end":{"line":9,"column":16}},"loc":{"start":{"line":9,"column":32},"end":{"line":12,"column":3}},"line":9}},"branchMap":{"0":{"loc":{"start":{"line":7,"column":2},"end":{"line":7,"column":27}},"type":"if","locations":[{"start":{"line":7,"column":2},"end":{"line":7,"column":27}},{"start":{},"end":{}}],"line":7},"1":{"loc":{"start":{"line":10,"column":4},"end":{"line":10,"column":28}},"type":"if","locations":[{"start":{"line":10,"column":4},"end":{"line":10,"column":28}},{"start":{},"end":{}}],"line":10},"2":{"loc":{"start":{"line":11,"column":11},"end":{"line":11,"column":25}},"type":"cond-expr","locations":[{"start":{"line":11,"column":16},"end":{"line":11,"column":19}},{"start":{"line":11,"column":22},"end":{"line":11,"column":25}}],"line":11}},"s":{"0":30,"1":30,"2":25,"3":5,"4":15,"5":3,"6":12,"7":5,"8":5,"9":5,"10":5,"11":5},"f":{"0":30,"1":15},"b":{"0":[25,5],"1":[3,12],"2":[8,4]},"_coverageSchema":"1a1c01bbd47fc00a2c39e90264f33305004495a9","hash":"c25075e30015d5cf662903b7048a88ae6ac3a47b"}
,"/Users/davidgonzalez/Downloads/addi-crm-challenge/src/hooks/useLeadValidation.js": {"path":"/Users/davidgonzalez/Downloads/addi-crm-challenge/src/hooks/useLeadValidation.js","statementMap":{"0":{"start":{"line":9,"column":32},"end":{"line":9,"column":44}},"1":{"start":{"line":10,"column":50},"end":{"line":10,"column":62}},"2":{"start":{"line":12,"column":24},"end":{"line":15,"column":3}},"3":{"start":{"line":13,"column":10},"end":{"line":13,"column":64}},"4":{"start":{"line":13,"column":45},"end":{"line":13,"column":63}},"5":{"start":{"line":17,"column":23},"end":{"line":107,"column":3}},"6":{"start":{"line":19,"column":6},"end":{"line":19,"column":36}},"7":{"start":{"line":19,"column":29},"end":{"line":19,"column":36}},"8":{"start":{"line":20,"column":21},"end":{"line":20,"column":28}},"9":{"start":{"line":22,"column":6},"end":{"line":22,"column":60}},"10":{"start":{"line":22,"column":25},"end":{"line":22,"column":57}},"11":{"start":{"line":23,"column":6},"end":{"line":31,"column":10}},"12":{"start":{"line":23,"column":37},"end":{"line":31,"column":7}},"13":{"start":{"line":33,"column":6},"end":{"line":35,"column":7}},"14":{"start":{"line":34,"column":8},"end":{"line":34,"column":74}},"15":{"start":{"line":37,"column":6},"end":{"line":104,"column":7}},"16":{"start":{"line":38,"column":43},"end":{"line":41,"column":10}},"17":{"start":{"line":44,"column":10},"end":{"line":44,"column":77}},"18":{"start":{"line":46,"column":10},"end":{"line":46,"column":77}},"19":{"start":{"line":48,"column":27},"end":{"line":51,"column":9}},"20":{"start":{"line":53,"column":26},"end":{"line":53,"column":41}},"21":{"start":{"line":54,"column":24},"end":{"line":54,"column":61}},"22":{"start":{"line":56,"column":8},"end":{"line":64,"column":12}},"23":{"start":{"line":56,"column":39},"end":{"line":64,"column":9}},"24":{"start":{"line":66,"column":8},"end":{"line":85,"column":9}},"25":{"start":{"line":67,"column":10},"end":{"line":69,"column":11}},"26":{"start":{"line":68,"column":12},"end":{"line":68,"column":52}},"27":{"start":{"line":70,"column":10},"end":{"line":72,"column":11}},"28":{"start":{"line":71,"column":12},"end":{"line":71,"column":40}},"29":{"start":{"line":73,"column":10},"end":{"line":77,"column":13}},"30":{"start":{"line":74,"column":25},"end":{"line":74,"column":36}},"31":{"start":{"line":75,"column":12},"end":{"line":75,"column":32}},"32":{"start":{"line":76,"column":12},"end":{"line":76,"column":24}},"33":{"start":{"line":79,"column":10},"end":{"line":81,"column":11}},"34":{"start":{"line":80,"column":12},"end":{"line":80,"column":52}},"35":{"start":{"line":82,"column":10},"end":{"line":84,"column":11}},"36":{"start":{"line":83,"column":12},"end":{"line":83,"column":24}},"37":{"start":{"line":87,"column":8},"end":{"line":89,"column":9}},"38":{"start":{"line":88,"column":10},"end":{"line":88,"column":74}},"39":{"start":{"line":90,"column":8},"end":{"line":98,"column":12}},"40":{"start":{"line":90,"column":39},"end":{"line":98,"column":9}},"41":{"start":{"line":99,"column":8},"end":{"line":101,"column":9}},"42":{"start":{"line":100,"column":10},"end":{"line":100,"column":22}},"43":{"start":{"line":103,"column":8},"end":{"line":103,"column":56}},"44":{"start":{"line":103,"column":27},"end":{"line":103,"column":53}},"45":{"start":{"line":109,"column":2},"end":{"line":114,"column":4}}},"fnMap":{"0":{"name":"useLeadValidation","decl":{"start":{"line":8,"column":16},"end":{"line":8,"column":33}},"loc":{"start":{"line":8,"column":39},"end":{"line":115,"column":1}},"line":8},"1":{"name":"(anonymous_1)","decl":{"start":{"line":13,"column":4},"end":{"line":13,"column":5}},"loc":{"start":{"line":13,"column":10},"end":{"line":13,"column":64}},"line":13},"2":{"name":"(anonymous_2)","decl":{"start":{"line":13,"column":38},"end":{"line":13,"column":39}},"loc":{"start":{"line":13,"column":45},"end":{"line":13,"column":63}},"line":13},"3":{"name":"(anonymous_3)","decl":{"start":{"line":18,"column":4},"end":{"line":18,"column":5}},"loc":{"start":{"line":18,"column":42},"end":{"line":105,"column":5}},"line":18},"4":{"name":"(anonymous_4)","decl":{"start":{"line":22,"column":17},"end":{"line":22,"column":18}},"loc":{"start":{"line":22,"column":25},"end":{"line":22,"column":57}},"line":22},"5":{"name":"(anonymous_5)","decl":{"start":{"line":23,"column":26},"end":{"line":23,"column":27}},"loc":{"start":{"line":23,"column":37},"end":{"line":31,"column":7}},"line":23},"6":{"name":"(anonymous_6)","decl":{"start":{"line":56,"column":28},"end":{"line":56,"column":29}},"loc":{"start":{"line":56,"column":39},"end":{"line":64,"column":9}},"line":56},"7":{"name":"(anonymous_7)","decl":{"start":{"line":73,"column":30},"end":{"line":73,"column":31}},"loc":{"start":{"line":73,"column":40},"end":{"line":77,"column":11}},"line":73},"8":{"name":"(anonymous_8)","decl":{"start":{"line":90,"column":28},"end":{"line":90,"column":29}},"loc":{"start":{"line":90,"column":39},"end":{"line":98,"column":9}},"line":90},"9":{"name":"(anonymous_9)","decl":{"start":{"line":103,"column":19},"end":{"line":103,"column":20}},"loc":{"start":{"line":103,"column":27},"end":{"line":103,"column":53}},"line":103}},"branchMap":{"0":{"loc":{"start":{"line":19,"column":6},"end":{"line":19,"column":36}},"type":"if","locations":[{"start":{"line":19,"column":6},"end":{"line":19,"column":36}},{"start":{},"end":{}}],"line":19},"1":{"loc":{"start":{"line":19,"column":10},"end":{"line":19,"column":27}},"type":"binary-expr","locations":[{"start":{"line":19,"column":10},"end":{"line":19,"column":15}},{"start":{"line":19,"column":19},"end":{"line":19,"column":27}}],"line":19},"2":{"loc":{"start":{"line":33,"column":6},"end":{"line":35,"column":7}},"type":"if","locations":[{"start":{"line":33,"column":6},"end":{"line":35,"column":7}},{"start":{},"end":{}}],"line":33},"3":{"loc":{"start":{"line":44,"column":10},"end":{"line":44,"column":77}},"type":"cond-expr","locations":[{"start":{"line":44,"column":47},"end":{"line":44,"column":69}},{"start":{"line":44,"column":72},"end":{"line":44,"column":77}}],"line":44},"4":{"loc":{"start":{"line":46,"column":10},"end":{"line":46,"column":77}},"type":"cond-expr","locations":[{"start":{"line":46,"column":47},"end":{"line":46,"column":69}},{"start":{"line":46,"column":72},"end":{"line":46,"column":77}}],"line":46},"5":{"loc":{"start":{"line":54,"column":24},"end":{"line":54,"column":61}},"type":"binary-expr","locations":[{"start":{"line":54,"column":24},"end":{"line":54,"column":34}},{"start":{"line":54,"column":38},"end":{"line":54,"column":48}},{"start":{"line":54,"column":52},"end":{"line":54,"column":61}}],"line":54},"6":{"loc":{"start":{"line":66,"column":8},"end":{"line":85,"column":9}},"type":"if","locations":[{"start":{"line":66,"column":8},"end":{"line":85,"column":9}},{"start":{"line":78,"column":15},"end":{"line":85,"column":9}}],"line":66},"7":{"loc":{"start":{"line":67,"column":10},"end":{"line":69,"column":11}},"type":"if","locations":[{"start":{"line":67,"column":10},"end":{"line":69,"column":11}},{"start":{},"end":{}}],"line":67},"8":{"loc":{"start":{"line":70,"column":10},"end":{"line":72,"column":11}},"type":"if","locations":[{"start":{"line":70,"column":10},"end":{"line":72,"column":11}},{"start":{},"end":{}}],"line":70},"9":{"loc":{"start":{"line":79,"column":10},"end":{"line":81,"column":11}},"type":"if","locations":[{"start":{"line":79,"column":10},"end":{"line":81,"column":11}},{"start":{},"end":{}}],"line":79},"10":{"loc":{"start":{"line":82,"column":10},"end":{"line":84,"column":11}},"type":"if","locations":[{"start":{"line":82,"column":10},"end":{"line":84,"column":11}},{"start":{},"end":{}}],"line":82},"11":{"loc":{"start":{"line":87,"column":8},"end":{"line":89,"column":9}},"type":"if","locations":[{"start":{"line":87,"column":8},"end":{"line":89,"column":9}},{"start":{},"end":{}}],"line":87},"12":{"loc":{"start":{"line":88,"column":35},"end":{"line":88,"column":70}},"type":"binary-expr","locations":[{"start":{"line":88,"column":36},"end":{"line":88,"column":39}},{"start":{"line":88,"column":43},"end":{"line":88,"column":54}},{"start":{"line":88,"column":59},"end":{"line":88,"column":70}}],"line":88},"13":{"loc":{"start":{"line":99,"column":8},"end":{"line":101,"column":9}},"type":"if","locations":[{"start":{"line":99,"column":8},"end":{"line":101,"column":9}},{"start":{},"end":{}}],"line":99}},"s":{"0":14,"1":14,"2":14,"3":10,"4":4,"5":14,"6":3,"7":0,"8":3,"9":3,"10":3,"11":3,"12":3,"13":3,"14":1,"15":3,"16":3,"17":3,"18":3,"19":3,"20":3,"21":3,"22":3,"23":3,"24":3,"25":2,"26":1,"27":2,"28":2,"29":2,"30":2,"31":2,"32":2,"33":1,"34":0,"35":1,"36":1,"37":0,"38":0,"39":0,"40":0,"41":0,"42":0,"43":3,"44":3,"45":14},"f":{"0":14,"1":10,"2":4,"3":3,"4":3,"5":3,"6":3,"7":2,"8":0,"9":3},"b":{"0":[0,3],"1":[3,3],"2":[1,2],"3":[3,0],"4":[3,0],"5":[3,3,3],"6":[2,1],"7":[1,1],"8":[2,0],"9":[0,1],"10":[1,0],"11":[0,0],"12":[0,0,0],"13":[0,0]},"_coverageSchema":"1a1c01bbd47fc00a2c39e90264f33305004495a9","hash":"fcbd9787e4fe509778163439f1f0b27c2b5455b5"}
,"/Users/davidgonzalez/Downloads/addi-crm-challenge/src/hooks/useLogs.js": {"path":"/Users/davidgonzalez/Downloads/addi-crm-challenge/src/hooks/useLogs.js","statementMap":{"0":{"start":{"line":4,"column":2},"end":{"line":11,"column":3}},"1":{"start":{"line":6,"column":6},"end":{"line":6,"column":40}},"2":{"start":{"line":8,"column":6},"end":{"line":8,"column":16}},"3":{"start":{"line":10,"column":6},"end":{"line":10,"column":19}},"4":{"start":{"line":15,"column":31},"end":{"line":15,"column":58}},"5":{"start":{"line":17,"column":14},"end":{"line":20,"column":8}},"6":{"start":{"line":18,"column":17},"end":{"line":18,"column":62}},"7":{"start":{"line":19,"column":4},"end":{"line":19,"column":45}},"8":{"start":{"line":22,"column":20},"end":{"line":24,"column":8}},"9":{"start":{"line":23,"column":4},"end":{"line":23,"column":32}},"10":{"start":{"line":26,"column":2},"end":{"line":26,"column":38}}},"fnMap":{"0":{"name":"logsReducer","decl":{"start":{"line":3,"column":9},"end":{"line":3,"column":20}},"loc":{"start":{"line":3,"column":36},"end":{"line":12,"column":1}},"line":3},"1":{"name":"useLogs","decl":{"start":{"line":14,"column":16},"end":{"line":14,"column":23}},"loc":{"start":{"line":14,"column":26},"end":{"line":27,"column":1}},"line":14},"2":{"name":"(anonymous_2)","decl":{"start":{"line":17,"column":26},"end":{"line":17,"column":27}},"loc":{"start":{"line":17,"column":35},"end":{"line":20,"column":3}},"line":17},"3":{"name":"(anonymous_3)","decl":{"start":{"line":22,"column":32},"end":{"line":22,"column":33}},"loc":{"start":{"line":22,"column":38},"end":{"line":24,"column":3}},"line":22}},"branchMap":{"0":{"loc":{"start":{"line":4,"column":2},"end":{"line":11,"column":3}},"type":"switch","locations":[{"start":{"line":5,"column":4},"end":{"line":6,"column":40}},{"start":{"line":7,"column":4},"end":{"line":8,"column":16}},{"start":{"line":9,"column":4},"end":{"line":10,"column":19}}],"line":4}},"s":{"0":4,"1":3,"2":1,"3":0,"4":10,"5":10,"6":3,"7":3,"8":10,"9":1,"10":10},"f":{"0":4,"1":10,"2":3,"3":1},"b":{"0":[3,1,0]},"_coverageSchema":"1a1c01bbd47fc00a2c39e90264f33305004495a9","hash":"c4aecf9e411ae64ac4b0438299788cc6d3b9f437"}
,"/Users/davidgonzalez/Downloads/addi-crm-challenge/src/services/validationService.js": {"path":"/Users/davidgonzalez/Downloads/addi-crm-challenge/src/services/validationService.js","statementMap":{"0":{"start":{"line":1,"column":25},"end":{"line":1,"column":29}},"1":{"start":{"line":2,"column":27},"end":{"line":2,"column":30}},"2":{"start":{"line":5,"column":2},"end":{"line":5,"column":51}},"3":{"start":{"line":5,"column":30},"end":{"line":5,"column":49}},"4":{"start":{"line":9,"column":2},"end":{"line":9,"column":59}},"5":{"start":{"line":13,"column":15},"end":{"line":13,"column":48}},"6":{"start":{"line":14,"column":17},"end":{"line":14,"column":67}},"7":{"start":{"line":15,"column":2},"end":{"line":15,"column":36}},"8":{"start":{"line":22,"column":6},"end":{"line":22,"column":10}},"9":{"start":{"line":24,"column":13},"end":{"line":24,"column":46}},"10":{"start":{"line":25,"column":2},"end":{"line":25,"column":18}},"11":{"start":{"line":27,"column":17},"end":{"line":33,"column":3}},"12":{"start":{"line":35,"column":2},"end":{"line":37,"column":3}},"13":{"start":{"line":36,"column":4},"end":{"line":36,"column":61}},"14":{"start":{"line":39,"column":19},"end":{"line":39,"column":66}},"15":{"start":{"line":41,"column":2},"end":{"line":46,"column":3}},"16":{"start":{"line":42,"column":4},"end":{"line":45,"column":6}},"17":{"start":{"line":48,"column":2},"end":{"line":48,"column":22}},"18":{"start":{"line":56,"column":6},"end":{"line":56,"column":10}},"19":{"start":{"line":58,"column":13},"end":{"line":58,"column":46}},"20":{"start":{"line":59,"column":2},"end":{"line":59,"column":18}},"21":{"start":{"line":61,"column":2},"end":{"line":63,"column":3}},"22":{"start":{"line":62,"column":4},"end":{"line":62,"column":56}},"23":{"start":{"line":65,"column":21},"end":{"line":65,"column":44}},"24":{"start":{"line":66,"column":2},"end":{"line":66,"column":41}},"25":{"start":{"line":73,"column":6},"end":{"line":73,"column":10}},"26":{"start":{"line":75,"column":13},"end":{"line":75,"column":46}},"27":{"start":{"line":76,"column":2},"end":{"line":76,"column":18}},"28":{"start":{"line":78,"column":2},"end":{"line":80,"column":3}},"29":{"start":{"line":79,"column":4},"end":{"line":79,"column":67}},"30":{"start":{"line":82,"column":16},"end":{"line":82,"column":39}},"31":{"start":{"line":83,"column":2},"end":{"line":83,"column":35}}},"fnMap":{"0":{"name":"delay","decl":{"start":{"line":4,"column":9},"end":{"line":4,"column":14}},"loc":{"start":{"line":4,"column":19},"end":{"line":6,"column":1}},"line":4},"1":{"name":"(anonymous_1)","decl":{"start":{"line":5,"column":21},"end":{"line":5,"column":22}},"loc":{"start":{"line":5,"column":30},"end":{"line":5,"column":49}},"line":5},"2":{"name":"randRange","decl":{"start":{"line":8,"column":9},"end":{"line":8,"column":18}},"loc":{"start":{"line":8,"column":29},"end":{"line":10,"column":1}},"line":8},"3":{"name":"getConfiguredLatency","decl":{"start":{"line":12,"column":9},"end":{"line":12,"column":29}},"loc":{"start":{"line":12,"column":50},"end":{"line":16,"column":1}},"line":12},"4":{"name":"nationalRegistryCheck","decl":{"start":{"line":18,"column":22},"end":{"line":18,"column":43}},"loc":{"start":{"line":18,"column":61},"end":{"line":49,"column":1}},"line":18},"5":{"name":"judicialRecordsCheck","decl":{"start":{"line":51,"column":22},"end":{"line":51,"column":42}},"loc":{"start":{"line":51,"column":60},"end":{"line":67,"column":1}},"line":51},"6":{"name":"internalScoring","decl":{"start":{"line":69,"column":22},"end":{"line":69,"column":37}},"loc":{"start":{"line":69,"column":64},"end":{"line":84,"column":1}},"line":69}},"branchMap":{"0":{"loc":{"start":{"line":12,"column":30},"end":{"line":12,"column":48}},"type":"default-arg","locations":[{"start":{"line":12,"column":47},"end":{"line":12,"column":48}}],"line":12},"1":{"loc":{"start":{"line":18,"column":50},"end":{"line":18,"column":59}},"type":"default-arg","locations":[{"start":{"line":18,"column":57},"end":{"line":18,"column":59}}],"line":18},"2":{"loc":{"start":{"line":20,"column":4},"end":{"line":20,"column":64}},"type":"default-arg","locations":[{"start":{"line":20,"column":14},"end":{"line":20,"column":64}}],"line":20},"3":{"loc":{"start":{"line":21,"column":4},"end":{"line":21,"column":21}},"type":"default-arg","locations":[{"start":{"line":21,"column":18},"end":{"line":21,"column":21}}],"line":21},"4":{"loc":{"start":{"line":28,"column":4},"end":{"line":32,"column":14}},"type":"binary-expr","locations":[{"start":{"line":28,"column":4},"end":{"line":28,"column":19}},{"start":{"line":29,"column":4},"end":{"line":29,"column":18}},{"start":{"line":30,"column":4},"end":{"line":30,"column":18}},{"start":{"line":31,"column":4},"end":{"line":31,"column":17}},{"start":{"line":32,"column":4},"end":{"line":32,"column":14}}],"line":28},"5":{"loc":{"start":{"line":35,"column":2},"end":{"line":37,"column":3}},"type":"if","locations":[{"start":{"line":35,"column":2},"end":{"line":37,"column":3}},{"start":{},"end":{}}],"line":35},"6":{"loc":{"start":{"line":39,"column":19},"end":{"line":39,"column":66}},"type":"cond-expr","locations":[{"start":{"line":39,"column":42},"end":{"line":39,"column":59}},{"start":{"line":39,"column":62},"end":{"line":39,"column":66}}],"line":39},"7":{"loc":{"start":{"line":41,"column":2},"end":{"line":46,"column":3}},"type":"if","locations":[{"start":{"line":41,"column":2},"end":{"line":46,"column":3}},{"start":{},"end":{}}],"line":41},"8":{"loc":{"start":{"line":41,"column":6},"end":{"line":41,"column":25}},"type":"binary-expr","locations":[{"start":{"line":41,"column":6},"end":{"line":41,"column":13}},{"start":{"line":41,"column":17},"end":{"line":41,"column":25}}],"line":41},"9":{"loc":{"start":{"line":44,"column":14},"end":{"line":44,"column":58}},"type":"binary-expr","locations":[{"start":{"line":44,"column":14},"end":{"line":44,"column":22}},{"start":{"line":44,"column":26},"end":{"line":44,"column":58}}],"line":44},"10":{"loc":{"start":{"line":51,"column":49},"end":{"line":51,"column":58}},"type":"default-arg","locations":[{"start":{"line":51,"column":56},"end":{"line":51,"column":58}}],"line":51},"11":{"loc":{"start":{"line":53,"column":4},"end":{"line":53,"column":64}},"type":"default-arg","locations":[{"start":{"line":53,"column":14},"end":{"line":53,"column":64}}],"line":53},"12":{"loc":{"start":{"line":54,"column":4},"end":{"line":54,"column":18}},"type":"default-arg","locations":[{"start":{"line":54,"column":14},"end":{"line":54,"column":18}}],"line":54},"13":{"loc":{"start":{"line":55,"column":4},"end":{"line":55,"column":22}},"type":"default-arg","locations":[{"start":{"line":55,"column":18},"end":{"line":55,"column":22}}],"line":55},"14":{"loc":{"start":{"line":61,"column":2},"end":{"line":63,"column":3}},"type":"if","locations":[{"start":{"line":61,"column":2},"end":{"line":63,"column":3}},{"start":{},"end":{}}],"line":61},"15":{"loc":{"start":{"line":69,"column":53},"end":{"line":69,"column":62}},"type":"default-arg","locations":[{"start":{"line":69,"column":60},"end":{"line":69,"column":62}}],"line":69},"16":{"loc":{"start":{"line":71,"column":4},"end":{"line":71,"column":64}},"type":"default-arg","locations":[{"start":{"line":71,"column":14},"end":{"line":71,"column":64}}],"line":71},"17":{"loc":{"start":{"line":72,"column":4},"end":{"line":72,"column":21}},"type":"default-arg","locations":[{"start":{"line":72,"column":10},"end":{"line":72,"column":21}}],"line":72},"18":{"loc":{"start":{"line":78,"column":2},"end":{"line":80,"column":3}},"type":"if","locations":[{"start":{"line":78,"column":2},"end":{"line":80,"column":3}},{"start":{},"end":{}}],"line":78},"19":{"loc":{"start":{"line":78,"column":6},"end":{"line":78,"column":62}},"type":"binary-expr","locations":[{"start":{"line":78,"column":6},"end":{"line":78,"column":32}},{"start":{"line":78,"column":36},"end":{"line":78,"column":62}}],"line":78}},"s":{"0":3,"1":3,"2":4,"3":4,"4":4,"5":0,"6":0,"7":0,"8":1,"9":1,"10":1,"11":1,"12":1,"13":0,"14":1,"15":1,"16":0,"17":1,"18":1,"19":1,"20":1,"21":1,"22":0,"23":1,"24":1,"25":2,"26":2,"27":2,"28":2,"29":1,"30":1,"31":1},"f":{"0":4,"1":4,"2":4,"3":0,"4":1,"5":1,"6":2},"b":{"0":[0],"1":[0],"2":[0],"3":[0],"4":[1,1,1,1,1],"5":[0,1],"6":[0,1],"7":[0,1],"8":[1,1],"9":[0,0],"10":[0],"11":[0],"12":[0],"13":[0],"14":[0,1],"15":[0],"16":[0],"17":[0],"18":[1,1],"19":[2,1]},"_coverageSchema":"1a1c01bbd47fc00a2c39e90264f33305004495a9","hash":"b332cf7fe4eb694940ee02648ab50a125681e6fc"}
,"/Users/davidgonzalez/Downloads/addi-crm-challenge/src/theme/useTheme.js": {"path":"/Users/davidgonzalez/Downloads/addi-crm-challenge/src/theme/useTheme.js","statementMap":{"0":{"start":{"line":4,"column":2},"end":{"line":65,"column":4}},"1":{"start":{"line":5,"column":11},"end":{"line":63,"column":5}},"2":{"start":{"line":39,"column":20},"end":{"line":39,"column":32}}},"fnMap":{"0":{"name":"useTheme","decl":{"start":{"line":3,"column":16},"end":{"line":3,"column":24}},"loc":{"start":{"line":3,"column":27},"end":{"line":66,"column":1}},"line":3},"1":{"name":"(anonymous_1)","decl":{"start":{"line":5,"column":4},"end":{"line":5,"column":5}},"loc":{"start":{"line":5,"column":11},"end":{"line":63,"column":5}},"line":5},"2":{"name":"(anonymous_2)","decl":{"start":{"line":39,"column":13},"end":{"line":39,"column":14}},"loc":{"start":{"line":39,"column":20},"end":{"line":39,"column":32}},"line":39}},"branchMap":{},"s":{"0":321,"1":154,"2":776},"f":{"0":321,"1":154,"2":776},"b":{},"_coverageSchema":"1a1c01bbd47fc00a2c39e90264f33305004495a9","hash":"95c44506ac8a00f0b86ed981529c44829b0efbe8"}
}
