TN:
SF:src/app/MiniCRM.jsx
FN:12,MiniCRM
FN:19,(anonymous_1)
FN:99,(anonymous_2)
FN:100,(anonymous_3)
FN:105,(anonymous_4)
FN:106,(anonymous_5)
FN:115,(anonymous_6)
FN:115,(anonymous_7)
FN:117,(anonymous_8)
FN:118,(anonymous_9)
FN:119,(anonymous_10)
FN:134,(anonymous_11)
FN:136,(anonymous_12)
FN:144,(anonymous_13)
FN:146,(anonymous_14)
FN:194,(anonymous_15)
FN:211,(anonymous_16)
FN:222,(anonymous_17)
FN:235,(anonymous_18)
FNF:19
FNH:7
FNDA:7,MiniCRM
FNDA:3,(anonymous_1)
FNDA:0,(anonymous_2)
FNDA:0,(anonymous_3)
FNDA:0,(anonymous_4)
FNDA:0,(anonymous_5)
FNDA:0,(anonymous_6)
FNDA:0,(anonymous_7)
FNDA:0,(anonymous_8)
FNDA:0,(anonymous_9)
FNDA:0,(anonymous_10)
FNDA:0,(anonymous_11)
FNDA:0,(anonymous_12)
FNDA:1,(anonymous_13)
FNDA:1,(anonymous_14)
FNDA:2,(anonymous_15)
FNDA:1,(anonymous_16)
FNDA:1,(anonymous_17)
FNDA:0,(anonymous_18)
DA:13,7
DA:14,7
DA:16,7
DA:18,7
DA:19,3
DA:51,7
DA:52,7
DA:53,7
DA:55,7
DA:64,7
DA:72,7
DA:79,7
DA:84,7
DA:90,7
DA:96,7
DA:98,7
DA:100,0
DA:101,0
DA:103,0
DA:106,0
DA:115,0
DA:118,0
DA:119,0
DA:120,0
DA:134,7
DA:135,0
DA:136,0
DA:137,0
DA:138,0
DA:143,7
DA:145,1
DA:146,1
DA:154,1
DA:155,1
DA:157,1
DA:162,7
DA:174,7
DA:194,2
DA:212,1
DA:222,1
DA:235,0
LF:41
LH:28
BRDA:101,0,0,0
BRDA:101,0,1,0
BRDA:120,1,0,0
BRDA:120,1,1,0
BRDA:123,2,0,0
BRDA:123,2,1,0
BRDA:135,3,0,0
BRDA:135,3,1,0
BRDA:137,4,0,0
BRDA:137,4,1,0
BRDA:154,5,0,1
BRDA:154,5,1,0
BRDA:199,6,0,7
BRDA:199,6,1,1
BRF:14
BRH:3
end_of_record
TN:
SF:src/components/layout/Card.jsx
FN:3,Card
FNF:1
FNH:1
FNDA:20,Card
DA:4,20
DA:6,20
DA:17,20
LF:3
LH:3
BRDA:19,0,0,20
BRDA:19,0,1,20
BRDA:43,1,0,20
BRDA:43,1,1,9
BRF:4
BRH:4
end_of_record
TN:
SF:src/components/leads/LeadCard.jsx
FN:6,LeadCard
FNF:1
FNH:1
FNDA:27,LeadCard
DA:7,27
DA:9,27
DA:20,27
LF:3
LH:3
BRDA:45,0,0,27
BRDA:45,0,1,3
BRDA:88,1,0,1
BRDA:88,1,1,26
BRF:4
BRH:4
end_of_record
TN:
SF:src/components/leads/LeadsSection.jsx
FN:6,LeadsSection
FN:85,(anonymous_1)
FN:95,(anonymous_2)
FNF:3
FNH:2
FNDA:11,LeadsSection
FNDA:24,(anonymous_1)
FNDA:0,(anonymous_2)
DA:15,11
DA:17,11
DA:22,11
DA:28,11
DA:37,11
DA:82,11
DA:86,24
DA:87,24
DA:89,24
DA:95,0
LF:10
LH:9
BRDA:71,0,0,11
BRDA:71,0,1,9
BRDA:74,1,0,0
BRDA:74,1,1,11
BRDA:99,2,0,11
BRDA:99,2,1,2
BRF:6
BRH:5
end_of_record
TN:
SF:src/components/leads/NewLeadForm.jsx
FN:6,NewLeadForm
FN:19,(anonymous_1)
FN:30,(anonymous_2)
FN:30,(anonymous_3)
FN:32,(anonymous_4)
FN:34,(anonymous_5)
FN:42,(anonymous_6)
FNF:7
FNH:7
FNDA:16,NewLeadForm
FNDA:3,(anonymous_1)
FNDA:80,(anonymous_2)
FNDA:10,(anonymous_3)
FNDA:10,(anonymous_4)
FNDA:5,(anonymous_5)
FNDA:3,(anonymous_6)
DA:7,16
DA:9,16
DA:17,16
DA:19,16
DA:20,3
DA:21,3
DA:22,3
DA:23,3
DA:24,3
DA:25,3
DA:26,3
DA:27,3
DA:30,80
DA:31,10
DA:32,10
DA:33,10
DA:34,5
DA:35,5
DA:36,5
DA:37,5
DA:42,16
DA:43,3
DA:44,3
DA:45,2
DA:46,2
DA:50,16
DA:55,16
DA:60,16
DA:66,16
LF:29
LH:29
BRDA:21,0,0,1
BRDA:21,0,1,2
BRDA:22,1,0,1
BRDA:22,1,1,2
BRDA:23,2,0,1
BRDA:23,2,1,2
BRDA:24,3,0,1
BRDA:24,3,1,2
BRDA:25,4,0,1
BRDA:25,4,1,2
BRDA:33,5,0,5
BRDA:33,5,1,5
BRDA:44,6,0,1
BRDA:44,6,1,2
BRDA:45,7,0,2
BRDA:45,7,1,0
BRDA:77,8,0,16
BRDA:77,8,1,1
BRDA:89,9,0,16
BRDA:89,9,1,2
BRDA:101,10,0,16
BRDA:101,10,1,3
BRDA:113,11,0,16
BRDA:113,11,1,4
BRDA:126,12,0,16
BRDA:126,12,1,5
BRF:26
BRH:25
end_of_record
TN:
SF:src/components/prospects/ProspectCard.jsx
FN:4,ProspectCard
FNF:1
FNH:1
FNDA:1,ProspectCard
DA:5,1
DA:7,1
DA:18,1
LF:3
LH:3
BRDA:79,0,0,1
BRDA:79,0,1,0
BRF:2
BRH:1
end_of_record
TN:
SF:src/components/prospects/ProspectsSection.jsx
FN:5,ProspectsSection
FN:70,(anonymous_1)
FNF:2
FNH:2
FNDA:9,ProspectsSection
FNDA:1,(anonymous_1)
DA:6,9
DA:8,9
DA:13,9
DA:19,9
DA:25,9
DA:34,9
DA:61,9
DA:67,9
DA:71,1
LF:9
LH:9
BRDA:73,0,0,9
BRDA:73,0,1,8
BRF:2
BRH:2
end_of_record
TN:
SF:src/components/ui/Button.jsx
FN:3,Button
FN:74,(anonymous_1)
FN:80,(anonymous_2)
FNF:3
FNH:1
FNDA:85,Button
FNDA:0,(anonymous_1)
FNDA:0,(anonymous_2)
DA:10,85
DA:12,85
DA:23,85
DA:44,85
DA:59,85
DA:66,85
DA:67,85
DA:74,85
DA:75,0
DA:76,0
DA:77,0
DA:80,85
DA:81,0
DA:84,85
LF:14
LH:10
BRDA:4,0,0,2
BRDA:5,1,0,46
BRDA:66,2,0,85
BRDA:66,2,1,0
BRDA:70,3,0,4
BRDA:70,3,1,81
BRDA:75,4,0,0
BRDA:75,4,1,0
BRDA:76,5,0,0
BRDA:76,5,1,0
BRF:10
BRH:5
end_of_record
TN:
SF:src/components/ui/Input.jsx
FN:4,Input
FN:57,(anonymous_1)
FN:58,(anonymous_2)
FNF:3
FNH:1
FNDA:81,Input
FNDA:0,(anonymous_1)
FNDA:0,(anonymous_2)
DA:15,81
DA:16,81
DA:18,81
DA:23,81
DA:33,81
DA:41,81
DA:57,0
DA:58,0
LF:8
LH:6
BRDA:7,0,0,49
BRDA:33,1,0,0
BRDA:33,1,1,81
BRDA:43,2,0,81
BRDA:43,2,1,81
BRF:5
BRH:4
end_of_record
TN:
SF:src/components/ui/Modal.jsx
FN:4,Modal
FN:71,(anonymous_1)
FNF:2
FNH:2
FNDA:7,Modal
FNDA:2,(anonymous_1)
DA:5,7
DA:7,7
DA:9,2
DA:20,2
DA:31,2
DA:40,2
DA:45,2
DA:53,2
DA:61,2
DA:63,2
DA:71,2
LF:11
LH:11
BRDA:7,0,0,5
BRDA:7,0,1,2
BRDA:61,1,0,2
BRDA:61,1,1,2
BRF:4
BRH:4
end_of_record
TN:
SF:src/components/ui/Pill.jsx
FN:3,Pill
FNF:1
FNH:1
FNDA:24,Pill
DA:4,24
DA:6,24
DA:18,24
DA:36,24
LF:4
LH:4
BRDA:3,0,0,1
BRDA:18,1,0,3
BRDA:18,1,1,21
BRDA:24,2,0,4
BRDA:24,2,1,17
BRF:5
BRH:5
end_of_record
TN:
SF:src/components/validation/ValidationStatus.jsx
FN:4,ValidationStatus
FN:9,(anonymous_1)
FNF:2
FNH:2
FNDA:30,ValidationStatus
FNDA:15,(anonymous_1)
DA:5,30
DA:7,30
DA:9,5
DA:10,15
DA:11,12
DA:14,5
DA:24,5
DA:31,5
DA:37,5
DA:42,5
LF:10
LH:10
BRDA:7,0,0,25
BRDA:7,0,1,5
BRDA:10,1,0,3
BRDA:10,1,1,12
BRDA:11,2,0,8
BRDA:11,2,1,4
BRF:6
BRH:6
end_of_record
TN:
SF:src/hooks/useLeadValidation.js
FN:8,useLeadValidation
FN:13,(anonymous_1)
FN:13,(anonymous_2)
FN:18,(anonymous_3)
FN:22,(anonymous_4)
FN:23,(anonymous_5)
FN:56,(anonymous_6)
FN:73,(anonymous_7)
FN:90,(anonymous_8)
FN:103,(anonymous_9)
FNF:10
FNH:9
FNDA:14,useLeadValidation
FNDA:10,(anonymous_1)
FNDA:4,(anonymous_2)
FNDA:3,(anonymous_3)
FNDA:3,(anonymous_4)
FNDA:3,(anonymous_5)
FNDA:3,(anonymous_6)
FNDA:2,(anonymous_7)
FNDA:0,(anonymous_8)
FNDA:3,(anonymous_9)
DA:9,14
DA:10,14
DA:12,14
DA:13,10
DA:17,14
DA:19,3
DA:20,3
DA:22,3
DA:23,3
DA:33,3
DA:34,1
DA:37,3
DA:38,3
DA:44,3
DA:46,3
DA:48,3
DA:53,3
DA:54,3
DA:56,3
DA:66,3
DA:67,2
DA:68,1
DA:70,2
DA:71,2
DA:73,2
DA:74,2
DA:75,2
DA:76,2
DA:79,1
DA:80,0
DA:82,1
DA:83,1
DA:87,0
DA:88,0
DA:90,0
DA:99,0
DA:100,0
DA:103,3
DA:109,14
LF:39
LH:33
BRDA:19,0,0,0
BRDA:19,0,1,3
BRDA:19,1,0,3
BRDA:19,1,1,3
BRDA:33,2,0,1
BRDA:33,2,1,2
BRDA:44,3,0,3
BRDA:44,3,1,0
BRDA:46,4,0,3
BRDA:46,4,1,0
BRDA:54,5,0,3
BRDA:54,5,1,3
BRDA:54,5,2,3
BRDA:66,6,0,2
BRDA:66,6,1,1
BRDA:67,7,0,1
BRDA:67,7,1,1
BRDA:70,8,0,2
BRDA:70,8,1,0
BRDA:79,9,0,0
BRDA:79,9,1,1
BRDA:82,10,0,1
BRDA:82,10,1,0
BRDA:87,11,0,0
BRDA:87,11,1,0
BRDA:88,12,0,0
BRDA:88,12,1,0
BRDA:88,12,2,0
BRDA:99,13,0,0
BRDA:99,13,1,0
BRF:30
BRH:17
end_of_record
TN:
SF:src/hooks/useLogs.js
FN:3,logsReducer
FN:14,useLogs
FN:17,(anonymous_2)
FN:22,(anonymous_3)
FNF:4
FNH:4
FNDA:4,logsReducer
FNDA:10,useLogs
FNDA:3,(anonymous_2)
FNDA:1,(anonymous_3)
DA:4,4
DA:6,3
DA:8,1
DA:10,0
DA:15,10
DA:17,10
DA:18,3
DA:19,3
DA:22,10
DA:23,1
DA:26,10
LF:11
LH:10
BRDA:4,0,0,3
BRDA:4,0,1,1
BRDA:4,0,2,0
BRF:3
BRH:2
end_of_record
TN:
SF:src/services/validationService.js
FN:4,delay
FN:5,(anonymous_1)
FN:8,randRange
FN:12,getConfiguredLatency
FN:18,nationalRegistryCheck
FN:51,judicialRecordsCheck
FN:69,internalScoring
FNF:7
FNH:6
FNDA:4,delay
FNDA:4,(anonymous_1)
FNDA:4,randRange
FNDA:0,getConfiguredLatency
FNDA:1,nationalRegistryCheck
FNDA:1,judicialRecordsCheck
FNDA:2,internalScoring
DA:1,3
DA:2,3
DA:5,4
DA:9,4
DA:13,0
DA:14,0
DA:15,0
DA:22,1
DA:24,1
DA:25,1
DA:27,1
DA:35,1
DA:36,0
DA:39,1
DA:41,1
DA:42,0
DA:48,1
DA:56,1
DA:58,1
DA:59,1
DA:61,1
DA:62,0
DA:65,1
DA:66,1
DA:73,2
DA:75,2
DA:76,2
DA:78,2
DA:79,1
DA:82,1
DA:83,1
LF:31
LH:25
BRDA:12,0,0,0
BRDA:18,1,0,0
BRDA:20,2,0,0
BRDA:21,3,0,0
BRDA:28,4,0,1
BRDA:28,4,1,1
BRDA:28,4,2,1
BRDA:28,4,3,1
BRDA:28,4,4,1
BRDA:35,5,0,0
BRDA:35,5,1,1
BRDA:39,6,0,0
BRDA:39,6,1,1
BRDA:41,7,0,0
BRDA:41,7,1,1
BRDA:41,8,0,1
BRDA:41,8,1,1
BRDA:44,9,0,0
BRDA:44,9,1,0
BRDA:51,10,0,0
BRDA:53,11,0,0
BRDA:54,12,0,0
BRDA:55,13,0,0
BRDA:61,14,0,0
BRDA:61,14,1,1
BRDA:69,15,0,0
BRDA:71,16,0,0
BRDA:72,17,0,0
BRDA:78,18,0,1
BRDA:78,18,1,1
BRDA:78,19,0,2
BRDA:78,19,1,1
BRF:32
BRH:15
end_of_record
TN:
SF:src/theme/useTheme.js
FN:3,useTheme
FN:5,(anonymous_1)
FN:39,(anonymous_2)
FNF:3
FNH:3
FNDA:321,useTheme
FNDA:154,(anonymous_1)
FNDA:776,(anonymous_2)
DA:4,321
DA:5,154
DA:39,776
LF:3
LH:3
BRF:0
BRH:0
end_of_record
